#
# There is insufficient memory for the Java Runtime Environment to continue.
# Native memory allocation (malloc) failed to allocate 1420656 bytes for Chunk::new
# Possible reasons:
#   The system is out of physical RAM or swap space
#   The process is running with CompressedOops enabled, and the Java Heap may be blocking the growth of the native heap
# Possible solutions:
#   Reduce memory load on the system
#   Increase physical memory or swap space
#   Check if swap backing store is full
#   Decrease Java heap size (-Xmx/-Xms)
#   Decrease number of Java threads
#   Decrease Java thread stack sizes (-Xss)
#   Set larger code cache with -XX:ReservedCodeCacheSize=
#   JVM is running with Unscaled Compressed Oops mode in which the Java heap is
#     placed in the first 4GB address space. The Java Heap base address is the
#     maximum limit for the native heap growth. Please use -XX:HeapBaseMinAddress
#     to set the Java Heap base and to place the Java Heap above 4GB virtual address.
# This output file may be truncated or incomplete.
#
#  Out of Memory Error (arena.cpp:189), pid=26008, tid=9948
#
# JRE version: OpenJDK Runtime Environment Temurin-17.0.7+7 (17.0.7+7) (build 17.0.7+7)
# Java VM: OpenJDK 64-Bit Server VM Temurin-17.0.7+7 (17.0.7+7, mixed mode, tiered, compressed oops, compressed class ptrs, g1 gc, windows-amd64)
# No core dump will be written. Minidumps are not enabled by default on client versions of Windows
#

---------------  S U M M A R Y ------------

Command Line: -Dgroovy.home=C:\Users\HP/.groovy -Djava.system.class.loader=groovy.lang.GroovyClassLoader -Xmx2048m -Dfile.encoding=UTF-8 -XX:+ShowCodeDetailsInExceptionMessages org.codehaus.groovy.tools.GroovyStarter --classpath C:\Folder Tag Samurai\bin\keyword;C:\Folder Tag Samurai\Keywords;C:\Folder Tag Samurai\bin\listener;C:\Folder Tag Samurai\Test Listeners;C:\Folder Tag Samurai\bin\lib;C:\Folder Tag Samurai\Libs;C:\Folder Tag Samurai\bin\groovy;C:\Folder Tag Samurai\Include\scripts\groovy;C:\Users\HP\.katalon\packages\Katalon_Studio_Windows_64-9.1.0\Katalon_Studio_Windows_64-9.1.0\plugins\com.kms.katalon.core_1.0.0.202312010623.jar;C:\Users\HP\.katalon\packages\Katalon_Studio_Windows_64-9.1.0\Katalon_Studio_Windows_64-9.1.0\configuration\resources\lib\aalto-xml-1.0.0.jar;C:\Users\HP\.katalon\packages\Katalon_Studio_Windows_64-9.1.0\Katalon_Studio_Windows_64-9.1.0\configuration\resources\lib\aspectjweaver-1.9.1.jar;C:\Users\HP\.katalon\packages\Katalon_Studio_Windows_64-9.1.0\Katalon_Studio_Windows_64-9.1.0\configuration\resources\lib\bcpkix-jdk15on-1.64.jar;C:\Users\HP\.katalon\packages\Katalon_Studio_Windows_64-9.1.0\Katalon_Studio_Windows_64-9.1.0\configuration\resources\lib\bcprov-jdk15on-1.64.jar;C:\Users\HP\.katalon\packages\Katalon_Studio_Windows_64-9.1.0\Katalon_Studio_Windows_64-9.1.0\configuration\resources\lib\browsermob-core-2.1.5.jar;C:\Users\HP\.katalon\packages\Katalon_Studio_Windows_64-9.1.0\Katalon_Studio_Windows_64-9.1.0\configuration\resources\lib\cglib-3.2.10.jar;C:\Users\HP\.katalon\packages\Katalon_Studio_Windows_64-9.1.0\Katalon_Studio_Windows_64-9.1.0\configuration\resources\lib\commons-codec-1.10.jar;C:\Users\HP\.katalon\packages\Katalon_Studio_Windows_64-9.1.0\Katalon_Studio_Windows_64-9.1.0\configuration\resources\lib\commons-collections4-4.1.jar;C:\Users\HP\.katalon\packages\Katalon_Studio_Windows_64-9.1.0\Katalon_Studio_Windows_64-9.1.0\configuration\resources\lib\commons-validator-1.6.jar;C:\Users\HP\.katalon\packages\Katalon_Studio_Windows_64-9.1.0\Katalon_Studio_Windows_64-9.1.0\configuration\resources\lib\curvesapi-1.04.jar;C:\Users\HP\.katalon\packages\Katalon_Studio_Windows_64-9.1.0\Katalon_Studio_Windows_64-9.1.0\configuration\resources\lib\dnsjava-2.1.8.jar;C:\Users\HP\.katalon\packages\Katalon_Studio_Windows_64-9.1.0\Katalon_Studio_Windows_64-9.1.0\configuration\resources\lib\groovy-ant-3.0.17.jar;C:\Users\HP\.katalon\packages\Katalon_Studio_Windows_64-9.1.0\Katalon_Studio_Windows_64-9.1.0\configuration\resources\lib\groovy-astbuilder-3.0.17.jar;C:\Users\HP\.katalon\packages\Katalon_Studio_Windows_64-9.1.0\Katalon_Studio_Windows_64-9.1.0\configuration\resources\lib\groovy-cli-picocli-3.0.17.jar;C:\Users\HP\.katalon\packages\Katalon_Studio_Windows_64-9.1.0\Katalon_Studio_Windows_64-9.1.0\configuration\resources\lib\groovy-console-3.0.17.jar;C:\Users\HP\.katalon\packages\Katalon_Studio_Windows_64-9.1.0\Katalon_Studio_Windows_64-9.1.0\configuration\resources\lib\groovy-datetime-3.0.17.jar;C:\Users\HP\.katalon\packages\Katalon_Studio_Windows_64-9.1.0\Katalon_Studio_Windows_64-9.1.0\configuration\resources\lib\groovy-dateutil-3.0.17.jar;C:\Users\HP\.katalon\packages\Katalon_Studio_Windows_64-9.1.0\Katalon_Studio_Windows_64-9.1.0\configuration\resources\lib\groovy-docgenerator-3.0.17.jar;C:\Users\HP\.katalon\packages\Katalon_Studio_Windows_64-9.1.0\Katalon_Studio_Windows_64-9.1.0\configuration\resources\lib\groovy-groovydoc-3.0.17.jar;C:\Users\HP\.katalon\packages\Katalon_Studio_Windows_64-9.1.0\Katalon_Studio_Windows_64-9.1.0\configuration\resources\lib\groovy-groovysh-3.0.17.jar;C:\Users\HP\.katalon\packages\Katalon_Studio_Windows_64-9.1.0\Katalon_Studio_Windows_64-9.1.0\configuration\resources\lib\groovy-jmx-3.0.17.jar;C:\Users\HP\.katalon\packages\Katalon_Studio_Windows_64-9.1.0\Katalon_Studio_Windows_64-9.1.0\configuration\resources\lib\groovy-json-3.0.17.jar;C:\Users\HP\.katalon\packages\Katalon_Studio_Windows_64-9.1.0\Katalon_Studio_Windows_64-9.1.0\configuration\resources\lib\groovy-jsr223-3.0.17.jar;C:\Users\HP\.katalon\packages\Katalon_Studio_Windows_64-9.1.0\Katalon_Studio_Windows_64-9.1.0\configuration\resources\lib\groovy-macro-3.0.17.jar;C:\Users\HP\.katalon\packages\Katalon_Studio_Windows_64-9.1.0\Katalon_Studio_Windows_64-9.1.0\configuration\resources\lib\groovy-nio-3.0.17.jar;C:\Users\HP\.katalon\packages\Katalon_Studio_Windows_64-9.1.0\Katalon_Studio_Windows_64-9.1.0\configuration\resources\lib\groovy-servlet-3.0.17.jar;C:\Users\HP\.katalon\packages\Katalon_Studio_Windows_64-9.1.0\Katalon_Studio_Windows_64-9.1.0\configuration\resources\lib\groovy-sql-3.0.17.jar;C:\Users\HP\.katalon\packages\Katalon_Studio_Windows_64-9.1.0\Katalon_Studio_Windows_64-9.1.0\configuration\resources\lib\groovy-swing-3.0.17.jar;C:\Users\HP\.katalon\packages\Katalon_Studio_Windows_64-9.1.0\Katalon_Studio_Windows_64-9.1.0\configuration\resources\lib\groovy-templates-3.0.17.jar;C:\Users\HP\.katalon\packages\Katalon_Studio_Windows_64-9.1.0\Katalon_Studio_Windows_64-9.1.0\configuration\resources\lib\groovy-test-3.0.17.jar;C:\Users\HP\.katalon\packages\Katalon_Studio_Windows_64-9.1.0\Katalon_Studio_Windows_64-9.1.0\configuration\resources\lib\groovy-test-junit5-3.0.17.jar;C:\Users\HP\.katalon\packages\Katalon_Studio_Windows_64-9.1.0\Katalon_Studio_Windows_64-9.1.0\configuration\resources\lib\groovy-testng-3.0.17.jar;C:\Users\HP\.katalon\packages\Katalon_Studio_Windows_64-9.1.0\Katalon_Studio_Windows_64-9.1.0\configuration\resources\lib\groovy-xml-3.0.17.jar;C:\Users\HP\.katalon\packages\Katalon_Studio_Windows_64-9.1.0\Katalon_Studio_Windows_64-9.1.0\configuration\resources\lib\java-client-7.0.0.jar;C:\Users\HP\.katalon\packages\Katalon_Studio_Windows_64-9.1.0\Katalon_Studio_Windows_64-9.1.0\configuration\resources\lib\javax.servlet-api_3.1.0.jar;C:\Users\HP\.katalon\packages\Katalon_Studio_Windows_64-9.1.0\Katalon_Studio_Windows_64-9.1.0\configuration\resources\lib\jna-5.12.1.jar;C:\Users\HP\.katalon\packages\Katalon_Studio_Windows_64-9.1.0\Katalon_Studio_Windows_64-9.1.0\configuration\resources\lib\jna-platform-5.12.1.jar;C:\Users\HP\.katalon\packages\Katalon_Studio_Windows_64-9.1.0\Katalon_Studio_Windows_64-9.1.0\configuration\resources\lib\jzlib-1.1.3.jar;C:\Users\HP\.katalon\packages\Katalon_Studio_Windows_64-9.1.0\Katalon_Studio_Windows_64-9.1.0\configuration\resources\lib\kat-server.jar;C:\Users\HP\.katalon\packages\Katalon_Studio_Windows_64-9.1.0\Katalon_Studio_Windows_64-9.1.0\configuration\resources\lib\littleproxy-1.1.0-beta-bmp-17.jar;C:\Users\HP\.katalon\packages\Katalon_Studio_Windows_64-9.1.0\Katalon_Studio_Windows_64-9.1.0\configuration\resources\lib\log4j-1.2-api-2.17.1.jar;C:\Users\HP\.katalon\packages\Katalon_Studio_Windows_64-9.1.0\Katalon_Studio_Windows_64-9.1.0\configuration\resources\lib\log4j-api-2.17.1.jar;C:\Users\HP\.katalon\packages\Katalon_Studio_Windows_64-9.1.0\Katalon_Studio_Windows_64-9.1.0\configuration\resources\lib\log4j-core-2.17.1.jar;C:\Users\HP\.katalon\packages\Katalon_Studio_Windows_64-9.1.0\Katalon_Studio_Windows_64-9.1.0\configuration\resources\lib\mitm-2.1.5.jar;C:\Users\HP\.katalon\packages\Katalon_Studio_Windows_64-9.1.0\Katalon_Studio_Windows_64-9.1.0\configuration\resources\lib\netty-all-4.1.70.Final.jar;C:\Users\HP\.katalon\packages\Katalon_Studio_Windows_64-9.1.0\Katalon_Studio_Windows_64-9.1.0\configuration\resources\lib\poi-3.17.jar;C:\Users\HP\.katalon\packages\Katalon_Studio_Windows_64-9.1.0\Katalon_Studio_Windows_64-9.1.0\configuration\resources\lib\poi-ooxml-3.17.jar;C:\Users\HP\.katalon\packages\Katalon_Studio_Windows_64-9.1.0\Katalon_Studio_Windows_64-9.1.0\configuration\resources\lib\poi-ooxml-schemas-3.17.jar;C:\Users\HP\.katalon\packages\Katalon_Studio_Windows_64-9.1.0\Katalon_Studio_Windows_64-9.1.0\configuration\resources\lib\proxy-vole-1.0.4-SNAPSHOT-jar-with-dependencies.jar;C:\Users\HP\.katalon\packages\Katalon_Studio_Windows_64-9.1.0\Katalon_Studio_Windows_64-9.1.0\configuration\resources\lib\repackaged-sikuli-api-1.0.2-standalone.jar;C:\Users\HP\.katalon\packages\Katalon_Studio_Windows_64-9.1.0\Katalon_Studio_Windows_64-9.1.0\configuration\resources\lib\selenium-leg-rc-3.141.59.jar;C:\Users\HP\.katalon\packages\Katalon_Studio_Windows_64-9.1.0\Katalon_Studio_Windows_64-9.1.0\configuration\resources\lib\selenium-server-standalone-3.141.59.jar;C:\Users\HP\.katalon\packages\Katalon_Studio_Windows_64-9.1.0\Katalon_Studio_Windows_64-9.1.0\configuration\resources\lib\selenium-shutterbug-1.1.jar;C:\Users\HP\.katalon\packages\Katalon_Studio_Windows_64-9.1.0\Katalon_Studio_Windows_64-9.1.0\configuration\resources\lib\slf4j-api-1.7.25.jar;C:\Users\HP\.katalon\packages\Katalon_Studio_Windows_64-9.1.0\Katalon_Studio_Windows_64-9.1.0\configuration\resources\lib\soap-builder-1.0.0.jar;C:\Users\HP\.katalon\packages\Katalon_Studio_Windows_64-9.1.0\Katalon_Studio_Windows_64-9.1.0\configuration\resources\lib\soap-common-1.0.0.jar;C:\Users\HP\.katalon\packages\Katalon_Studio_Windows_64-9.1.0\Katalon_Studio_Windows_64-9.1.0\configuration\resources\lib\soap-legacy-1.0.0.jar;C:\Users\HP\.katalon\packages\Katalon_Studio_Windows_64-9.1.0\Katalon_Studio_Windows_64-9.1.0\configuration\resources\lib\spring-context-5.3.19.jar;C:\Users\HP\.katalon\packages\Katalon_Studio_Windows_64-9.1.0\Katalon_Studio_Windows_64-9.1.0\configuration\resources\lib\stax2-api-4.0.0.jar;C:\Users\HP\.katalon\packages\Katalon_Studio_Windows_64-9.1.0\Katalon_Studio_Windows_64-9.1.0\configuration\resources\lib\su.jar;C:\Users\HP\.katalon\packages\Katalon_Studio_Windows_64-9.1.0\Katalon_Studio_Windows_64-9.1.0\configuration\resources\lib\testng-7.8.0.jar;C:\Users\HP\.katalon\packages\Katalon_Studio_Windows_64-9.1.0\Katalon_Studio_Windows_64-9.1.0\configuration\resources\lib\wadl.jar;C:\Users\HP\.katalon\packages\Katalon_Studio_Windows_64-9.1.0\Katalon_Studio_Windows_64-9.1.0\configuration\resources\lib\xmlbeans-3.1.0.jar;C:\Users\HP\.katalon\packages\Katalon_Studio_Windows_64-9.1.0\Katalon_Studio_Windows_64-9.1.0\plugins\net.sf.supercsv.super-csv_2.1.0.jar;C:\Users\HP\.katalon\packages\Katalon_Studio_Windows_64-9.1.0\Katalon_Studio_Windows_64-9.1.0\plugins\org.apache.commons.io_2.4.0.jar;C:\Users\HP\.katalon\packages\Katalon_Studio_Windows_64-9.1.0\Katalon_Studio_Windows_64-9.1.0\plugins\org.apache.commons.lang_2.6.0.jar;C:\Users\HP\.katalon\packages\Katalon_Studio_Windows_64-9.1.0\Katalon_Studio_Windows_64-9.1.0\plugins\com.google.gson_2.10.1.v20230109-0753.jar;C:\Users\HP\.katalon\packages\Katalon_Studio_Windows_64-9.1.0\Katalon_Studio_Windows_64-9.1.0\plugins\org.jsoup_1.14.3.jar;C:\Users\HP\.katalon\packages\Katalon_Studio_Windows_64-9.1.0\Katalon_Studio_Windows_64-9.1.0\plugins\org.apache.commons.dbutils_1.6.0.jar;C:\Users\HP\.katalon\packages\Katalon_Studio_Windows_64-9.1.0\Katalon_Studio_Windows_64-9.1.0\plugins\com.oracle.jdbc.ojdbc7_12.1.0.2.jar;C:\Users\HP\.katalon\packages\Katalon_Studio_Windows_64-9.1.0\Katalon_Studio_Windows_64-9.1.0\plugins\org.postgresql.jdbc_42.4.1.jar;c:\Users\HP\.katalon\packages\Katalon_Studio_Windows_64-9.1.0\Katalon_Studio_Windows_64-9.1.0\plugins\org.eclipse.osgi_3.18.300.v20230220-1352.jar;C:\Users\HP\.katalon\packages\Katalon_Studio_Windows_64-9.1.0\Katalon_Studio_Windows_64-9.1.0\plugins\com.kms.katalon.constant_1.0.0.202312010623.jar;C:\Users\HP\.katalon\packages\Katalon_Studio_Windows_64-9.1.0\Katalon_Studio_Windows_64-9.1.0\plugins\org.eclipse.persistence.eclipselink_2.7.11.jar;C:\Users\HP\.katalon\packages\Katalon_Studio_Windows_64-9.1.0\Katalon_Studio_Windows_64-9.1.0\plugins\com.kms.katalon.selenium-standalone_1.0.0.202312010623.jar;C:\Users\HP\.katalon\packages\Katalon_Studio_Windows_64-9.1.0\Katalon_Studio_Windows_64-9.1.0\plugins\atu.testrecorder.screen-recorder_2.1.0.jar;C:\Users\HP\.katalon\packages\Katalon_Studio_Windows_64-9.1.0\Katalon_Studio_Windows_64-9.1.0\plugins\com.google.guava_23.0.0.jar;C:\Users\HP\.katalon\packages\Katalon_Studio_Windows_64-9.1.0\Katalon_Studio_Windows_64-9.1.0\plugins\com.kms.katalon.util_1.0.0.202312010623.jar;C:\Users\HP\.katalon\packages\Katalon_Studio_Windows_64-9.1.0\Katalon_Studio_Windows_64-9.1.0\plugins\org.apache.httpcomponents.httpclient_4.5.14.v20221207-1049.jar;C:\Users\HP\.katalon\packages\Katalon_Studio_Windows_64-9.1.0\Katalon_Studio_Windows_64-9.1.0\plugins\org.apache.httpcomponents.httpcore_4.4.16.v20221207-1049.jar;C:\Users\HP\.katalon\packages\Katalon_Studio_Windows_64-9.1.0\Katalon_Studio_Windows_64-9.1.0\plugins\org.apache.httpcomponents.httpmime_4.5.1.jar;C:\Users\HP\.katalon\packages\Katalon_Studio_Windows_64-9.1.0\Katalon_Studio_Windows_64-9.1.0\plugins\org.apache.commons.lang3_3.7.0.jar;C:\Users\HP\.katalon\packages\Katalon_Studio_Windows_64-9.1.0\Katalon_Studio_Windows_64-9.1.0\plugins\org.greenrobot.eventbus_3.1.1.jar;C:\Users\HP\.katalon\packages\Katalon_Studio_Windows_64-9.1.0\Katalon_Studio_Windows_64-9.1.0\plugins\org.assertj.core_3.10.0.jar;C:\Users\HP\.katalon\packages\Katalon_Studio_Windows_64-9.1.0\Katalon_Studio_Windows_64-9.1.0\plugins\org.junit_4.13.2.v20211018-1956.jar;C:\Users\HP\.katalon\packages\Katalon_Studio_Windows_64-9.1.0\Katalon_Studio_Windows_64-9.1.0\plugins\com.fasterxml.jackson.core.jackson-databind_2.14.0.jar;C:\Users\HP\.katalon\packages\Katalon_Studio_Windows_64-9.1.0\Katalon_Studio_Windows_64-9.1.0\plugins\com.fasterxml.jackson.core.jackson-core_2.14.0.jar;C:\Users\HP\.katalon\packages\Katalon_Studio_Windows_64-9.1.0\Katalon_Studio_Windows_64-9.1.0\plugins\com.fasterxml.jackson.core.jackson-annotations_2.14.0.jar;C:\Users\HP\.katalon\packages\Katalon_Studio_Windows_64-9.1.0\Katalon_Studio_Windows_64-9.1.0\plugins\ch.qos.logback.classic_1.2.3.jar;C:\Users\HP\.katalon\packages\Katalon_Studio_Windows_64-9.1.0\Katalon_Studio_Windows_64-9.1.0\plugins\ch.qos.logback.core_1.2.3.jar;C:\Users\HP\.katalon\packages\Katalon_Studio_Windows_64-9.1.0\Katalon_Studio_Windows_64-9.1.0\plugins\slf4j.api_1.7.36.jar;C:\Users\HP\.katalon\packages\Katalon_Studio_Windows_64-9.1.0\Katalon_Studio_Windows_64-9.1.0\plugins\org.fusesource.jansi_1.17.1.jar;C:\Users\HP\.katalon\packages\Katalon_Studio_Windows_64-9.1.0\Katalon_Studio_Windows_64-9.1.0\plugins\com.kms.katalon.netlightbody_1.0.0.202312010623.jar;C:\Users\HP\.katalon\packages\Katalon_Studio_Windows_64-9.1.0\Katalon_Studio_Windows_64-9.1.0\plugins\com.kms.katalon.poi_1.0.0.202312010623.jar;C:\Users\HP\.katalon\packages\Katalon_Studio_Windows_64-9.1.0\Katalon_Studio_Windows_64-9.1.0\plugins\org.apache.commons.commons-text_1.10.0.jar;C:\Users\HP\.katalon\packages\Katalon_Studio_Windows_64-9.1.0\Katalon_Studio_Windows_64-9.1.0\plugins\com.kms.katalon.proxyvole_1.0.0.202312010623.jar;C:\Users\HP\.katalon\packages\Katalon_Studio_Windows_64-9.1.0\Katalon_Studio_Windows_64-9.1.0\plugins\com.microsoft.sqlserver.mssql-jdbc_6.2.2.jre8.jar;C:\Users\HP\.katalon\packages\Katalon_Studio_Windows_64-9.1.0\Katalon_Studio_Windows_64-9.1.0\plugins\com.github.kklisura.cdt.java-client_2.1.0.jar;C:\Users\HP\.katalon\packages\Katalon_Studio_Windows_64-9.1.0\Katalon_Studio_Windows_64-9.1.0\plugins\javax.websocket-api_1.1.0.jar;C:\Users\HP\.katalon\packages\Katalon_Studio_Windows_64-9.1.0\Katalon_Studio_Windows_64-9.1.0\plugins\org.glassfish.tyrus.container-grizzly-client_1.13.1.jar;C:\Users\HP\.katalon\packages\Katalon_Studio_Windows_64-9.1.0\Katalon_Studio_Windows_64-9.1.0\plugins\org.glassfish.grizzly.http-server_2.3.25.jar;C:\Users\HP\.katalon\packages\Katalon_Studio_Windows_64-9.1.0\Katalon_Studio_Windows_64-9.1.0\plugins\org.glassfish.grizzly.framework_2.3.25.jar;C:\Users\HP\.katalon\packages\Katalon_Studio_Windows_64-9.1.0\Katalon_Studio_Windows_64-9.1.0\plugins\org.glassfish.grizzly.http_2.3.25.jar;C:\Users\HP\.katalon\packages\Katalon_Studio_Windows_64-9.1.0\Katalon_Studio_Windows_64-9.1.0\plugins\org.glassfish.tyrus.client_1.13.1.jar;C:\Users\HP\.katalon\packages\Katalon_Studio_Windows_64-9.1.0\Katalon_Studio_Windows_64-9.1.0\plugins\org.glassfish.tyrus.core_1.13.1.jar;C:\Users\HP\.katalon\packages\Katalon_Studio_Windows_64-9.1.0\Katalon_Studio_Windows_64-9.1.0\plugins\org.glassfish.tyrus.spi_1.13.1.jar;C:\Users\HP\.katalon\packages\Katalon_Studio_Windows_64-9.1.0\Katalon_Studio_Windows_64-9.1.0\plugins\javassist_3.28.0.GA.jar;C:\Users\HP\.katalon\packages\Katalon_Studio_Windows_64-9.1.0\Katalon_Studio_Windows_64-9.1.0\plugins\com.graphql-java_16.2.0.jar;C:\Users\HP\.katalon\packages\Katalon_Studio_Windows_64-9.1.0\Katalon_Studio_Windows_64-9.1.0\plugins\org.glassfish.jaxb.runtime_2.3.6.jar;C:\Users\HP\.katalon\packages\Katalon_Studio_Windows_64-9.1.0\Katalon_Studio_Windows_64-9.1.0\plugins\org.glassfish.jaxb.txw2_2.3.6.jar;C:\Users\HP\.katalon\packages\Katalon_Studio_Windows_64-9.1.0\Katalon_Studio_Windows_64-9.1.0\plugins\org.dom4j_1.6.1.v201312101416.jar;C:\Users\HP\.katalon\packages\Katalon_Studio_Windows_64-9.1.0\Katalon_Studio_Windows_64-9.1.0\plugins\com.kms.katalon.groovy-extended_1.0.0.202312010623.jar;C:\Users\HP\.katalon\packages\Katalon_Studio_Windows_64-9.1.0\Katalon_Studio_Windows_64-9.1.0\plugins\com.sun.activation.javax.activation_1.2.0.jar;C:\Users\HP\.katalon\packages\Katalon_Studio_Windows_64-9.1.0\Katalon_Studio_Windows_64-9.1.0\plugins\jakarta.xml.bind-api_2.3.3.jar;C:\Users\HP\.katalon\packages\Katalon_Studio_Windows_64-9.1.0\Katalon_Studio_Windows_64-9.1.0\plugins\com.sun.xml.bind.jaxb-impl_2.3.6.jar;C:\Users\HP\.katalon\packages\Katalon_Studio_Windows_64-9.1.0\Katalon_Studio_Windows_64-9.1.0\plugins\org.apache.commons.logging_1.2.0.v20180409-1502.jar;C:\Users\HP\.katalon\packages\Katalon_Studio_Windows_64-9.1.0\Katalon_Studio_Windows_64-9.1.0\plugins\org.hamcrest.core_1.3.0.v20180420-1519.jar;C:\Users\HP\.katalon\packages\Katalon_Studio_Windows_64-9.1.0\Katalon_Studio_Windows_64-9.1.0\plugins\org.beanshell.bsh_2.0.0.0b4.jar;C:\Users\HP\.katalon\packages\Katalon_Studio_Windows_64-9.1.0\Katalon_Studio_Windows_64-9.1.0\plugins\org.apache.ant.launcher_1.9.6.jar;C:\Users\HP\.katalon\packages\Katalon_Studio_Windows_64-9.1.0\Katalon_Studio_Windows_64-9.1.0\plugins\com.kms.katalon.core.appium_1.0.0.202312010623.jar;C:\Users\HP\.katalon\packages\Katalon_Studio_Windows_64-9.1.0\Katalon_Studio_Windows_64-9.1.0\plugins\com.kms.katalon.logging_1.0.0.202312010623.jar;C:\Users\HP\.katalon\packages\Katalon_Studio_Windows_64-9.1.0\Katalon_Studio_Windows_64-9.1.0\plugins\org.eclipse.equinox.common_3.17.100.v20230202-1341.jar;C:\Users\HP\.katalon\packages\Katalon_Studio_Windows_64-9.1.0\Katalon_Studio_Windows_64-9.1.0\plugins\com.kms.katalon.core.webui_1.0.0.202312010623.jar;C:\Users\HP\.katalon\packages\Katalon_Studio_Windows_64-9.1.0\Katalon_Studio_Windows_64-9.1.0\plugins\org.json_20140107.0.0.jar;C:\Users\HP\.katalon\packages\Katalon_Studio_Windows_64-9.1.0\Katalon_Studio_Windows_64-9.1.0\plugins\org.eclipse.e4.core.contexts_1.11.0.v20220716-0839.jar;C:\Users\HP\.katalon\packages\Katalon_Studio_Windows_64-9.1.0\Katalon_Studio_Windows_64-9.1.0\plugins\org.eclipse.e4.core.services_2.3.400.v20220915-1347.jar;C:\Users\HP\.katalon\packages\Katalon_Studio_Windows_64-9.1.0\Katalon_Studio_Windows_64-9.1.0\plugins\com.kms.katalon.core.mobile_1.0.0.202312010623.jar;C:\Users\HP\.katalon\packages\Katalon_Studio_Windows_64-9.1.0\Katalon_Studio_Windows_64-9.1.0\plugins\org.apache.commons.commons-validator_1.7.0.jar;C:\Users\HP\.katalon\packages\Katalon_Studio_Windows_64-9.1.0\Katalon_Studio_Windows_64-9.1.0\plugins\com.kms.katalon.core.cucumber_1.0.0.202312010623.jar;C:\Users\HP\.katalon\packages\Katalon_Studio_Windows_64-9.1.0\Katalon_Studio_Windows_64-9.1.0\plugins\io.cucumber.core_3.0.2.jar;C:\Users\HP\.katalon\packages\Katalon_Studio_Windows_64-9.1.0\Katalon_Studio_Windows_64-9.1.0\plugins\io.cucumber.datatable_1.0.3.jar;C:\Users\HP\.katalon\packages\Katalon_Studio_Windows_64-9.1.0\Katalon_Studio_Windows_64-9.1.0\plugins\io.cucumber.datatable-dependencies_1.0.3.jar;C:\Users\HP\.katalon\packages\Katalon_Studio_Windows_64-9.1.0\Katalon_Studio_Windows_64-9.1.0\plugins\io.cucumber.expressions_5.0.19.jar;C:\Users\HP\.katalon\packages\Katalon_Studio_Windows_64-9.1.0\Katalon_Studio_Windows_64-9.1.0\plugins\io.cucumber.gherkin_5.0.0.jar;C:\Users\HP\.katalon\packages\Katalon_Studio_Windows_64-9.1.0\Katalon_Studio_Windows_64-9.1.0\plugins\io.cucumber.html_0.2.7.jar;C:\Users\HP\.katalon\packages\Katalon_Studio_Windows_64-9.1.0\Katalon_Studio_Windows_64-9.1.0\plugins\io.cucumber.java_3.0.2.jar;C:\Users\HP\.katalon\packages\Katalon_Studio_Windows_64-9.1.0\Katalon_Studio_Windows_64-9.1.0\plugins\io.cucumber.tag-expressions_1.1.1.jar;C:\Users\HP\.katalon\packages\Katalon_Studio_Windows_64-9.1.0\Katalon_Studio_Windows_64-9.1.0\plugins\io.cucumber.junit_3.0.2.jar;C:\Users\HP\.katalon\packages\Katalon_Studio_Windows_64-9.1.0\Katalon_Studio_Windows_64-9.1.0\plugins\com.kms.katalon.core.webservice_1.0.0.202312010623.jar;C:\Users\HP\.katalon\packages\Katalon_Studio_Windows_64-9.1.0\Katalon_Studio_Windows_64-9.1.0\plugins\wsdl4j_1.6.2.jar;C:\Users\HP\.katalon\packages\Katalon_Studio_Windows_64-9.1.0\Katalon_Studio_Windows_64-9.1.0\plugins\com.google.oauth-client.google-oauth-client_1.22.0.jar;C:\Users\HP\.katalon\packages\Katalon_Studio_Windows_64-9.1.0\Katalon_Studio_Windows_64-9.1.0\plugins\com.google.http-client.google-http-client_1.22.0.jar;C:\Users\HP\.katalon\packages\Katalon_Studio_Windows_64-9.1.0\Katalon_Studio_Windows_64-9.1.0\plugins\ca.juliusdavies.not-yet-commons-ssl_0.3.11.jar;C:\Users\HP\.katalon\packages\Katalon_Studio_Windows_64-9.1.0\Katalon_Studio_Windows_64-9.1.0\plugins\com.kms.katalon.preferences_1.0.0.202312010623.jar;C:\Users\HP\.katalon\packages\Katalon_Studio_Windows_64-9.1.0\Katalon_Studio_Windows_64-9.1.0\plugins\org.apache.xmlbeans_3.1.0.jar;C:\Users\HP\.katalon\packages\Katalon_Studio_Windows_64-9.1.0\Katalon_Studio_Windows_64-9.1.0\plugins\com.kms.katalon.entity_1.0.0.202312010623.jar;C:\Users\HP\.katalon\packages\Katalon_Studio_Windows_64-9.1.0\Katalon_Studio_Windows_64-9.1.0\plugins\org.antlr.antlr4-runtime_4.8.0.jar;C:\Users\HP\.katalon\packages\Katalon_Studio_Windows_64-9.1.0\Katalon_Studio_Windows_64-9.1.0\plugins\com.networknt.json-schema-validator_1.0.66.jar;C:\Users\HP\.katalon\packages\Katalon_Studio_Windows_64-9.1.0\Katalon_Studio_Windows_64-9.1.0\plugins\jakarta.xml.ws-api_2.3.3.jar;C:\Users\HP\.katalon\packages\Katalon_Studio_Windows_64-9.1.0\Katalon_Studio_Windows_64-9.1.0\plugins\javax.xml.soap-api_1.4.0.jar;C:\Users\HP\.katalon\packages\Katalon_Studio_Windows_64-9.1.0\Katalon_Studio_Windows_64-9.1.0\plugins\com.kms.katalon.core.windows_1.0.0.202312010623.jar;C:\Users\HP\.katalon\packages\Katalon_Studio_Windows_64-9.1.0\Katalon_Studio_Windows_64-9.1.0\plugins\com.kms.katalon.core.testng_1.0.0.202312010623.jar;C:\Users\HP\.katalon\packages\Katalon_Studio_Windows_64-9.1.0\Katalon_Studio_Windows_64-9.1.0\configuration\org.eclipse.osgi\27\0\.cp\resources\basic-report\katalon-studio-report-plugin.jar;C:\Users\HP\.katalon\packages\Katalon_Studio_Windows_64-9.1.0\Katalon_Studio_Windows_64-9.1.0\plugins\org.codehaus.groovy_3.0.17.v202303311542-e2303\lib\groovy-3.0.17-indy.jar;C:\Users\HP\.katalon\packages\Katalon_Studio_Windows_64-9.1.0\Katalon_Studio_Windows_64-9.1.0\plugins\org.codehaus.groovy_3.0.17.v202303311542-e2303\lib\ivy-2.5.1.jar --main groovy.ui.GroovyMain --encoding UTF-8 --indy C:\Folder Tag Samurai\Libs\TempTestCase1725267066257.groovy

Host: AMD Ryzen 5 5500U with Radeon Graphics         , 12 cores, 15G,  Windows 11 , 64 bit Build 22621 (10.0.22621.3958)
Time: Mon Sep  2 15:51:48 2024 SE Asia Standard Time elapsed time: 41.628049 seconds (0d 0h 0m 41s)

---------------  T H R E A D  ---------------

Current thread (0x0000024e00b522f0):  JavaThread "C2 CompilerThread0" daemon [_thread_in_native, id=9948, stack(0x000000becbe00000,0x000000becbf00000)]


Current CompileTask:
C2:  41628 6870       4       org.openqa.selenium.remote.internal.OkHttpClient::execute (503 bytes)

Stack: [0x000000becbe00000,0x000000becbf00000]
Native frames: (J=compiled Java code, j=interpreted, Vv=VM code, C=native code)
V  [jvm.dll+0x67754a]
V  [jvm.dll+0x834304]
V  [jvm.dll+0x835aae]
V  [jvm.dll+0x836113]
V  [jvm.dll+0x24696f]
V  [jvm.dll+0xac0ac]
V  [jvm.dll+0xac67c]
V  [jvm.dll+0x2adbef]
V  [jvm.dll+0x580067]
V  [jvm.dll+0x221e72]
V  [jvm.dll+0x21b244]
V  [jvm.dll+0x21895b]
V  [jvm.dll+0x1a4d8d]
V  [jvm.dll+0x2284da]
V  [jvm.dll+0x226615]
V  [jvm.dll+0x7ea90b]
V  [jvm.dll+0x7e4e7a]
V  [jvm.dll+0x676395]
C  [ucrtbase.dll+0x29333]
C  [KERNEL32.DLL+0x1257d]
C  [ntdll.dll+0x5af28]


---------------  P R O C E S S  ---------------

Threads class SMR info:
_java_thread_list=0x0000024e0866ab20, length=20, elements={
0x0000024e665ab4f0, 0x0000024e0041e020, 0x0000024e00b21e90, 0x0000024e00b4d6a0,
0x0000024e00b4df60, 0x0000024e00b4e820, 0x0000024e00b4f0e0, 0x0000024e00b522f0,
0x0000024e00b52bf0, 0x0000024e00b61230, 0x0000024e00c20d20, 0x0000024e00e7e6a0,
0x0000024e082d9ca0, 0x0000024e07c57ab0, 0x0000024e092bf060, 0x0000024e06a261e0,
0x0000024e07954b70, 0x0000024e079576c0, 0x0000024e079571f0, 0x0000024e07958530
}

Java Threads: ( => current thread )
  0x0000024e665ab4f0 JavaThread "Forwarding findElements on session 0ef981847dfc9e8f4fcd5446c1c001bd to remote" [_thread_in_native, id=22936, stack(0x000000becb100000,0x000000becb200000)]
  0x0000024e0041e020 JavaThread "Reference Handler" daemon [_thread_blocked, id=25620, stack(0x000000becb800000,0x000000becb900000)]
  0x0000024e00b21e90 JavaThread "Finalizer" daemon [_thread_blocked, id=6860, stack(0x000000becb900000,0x000000becba00000)]
  0x0000024e00b4d6a0 JavaThread "Signal Dispatcher" daemon [_thread_blocked, id=15592, stack(0x000000becba00000,0x000000becbb00000)]
  0x0000024e00b4df60 JavaThread "Attach Listener" daemon [_thread_blocked, id=24636, stack(0x000000becbb00000,0x000000becbc00000)]
  0x0000024e00b4e820 JavaThread "Service Thread" daemon [_thread_blocked, id=14844, stack(0x000000becbc00000,0x000000becbd00000)]
  0x0000024e00b4f0e0 JavaThread "Monitor Deflation Thread" daemon [_thread_blocked, id=20228, stack(0x000000becbd00000,0x000000becbe00000)]
=>0x0000024e00b522f0 JavaThread "C2 CompilerThread0" daemon [_thread_in_native, id=9948, stack(0x000000becbe00000,0x000000becbf00000)]
  0x0000024e00b52bf0 JavaThread "C1 CompilerThread0" daemon [_thread_blocked, id=24736, stack(0x000000becbf00000,0x000000becc000000)]
  0x0000024e00b61230 JavaThread "Sweeper thread" daemon [_thread_blocked, id=16088, stack(0x000000becc000000,0x000000becc100000)]
  0x0000024e00c20d20 JavaThread "Common-Cleaner" daemon [_thread_blocked, id=11564, stack(0x000000becc100000,0x000000becc200000)]
  0x0000024e00e7e6a0 JavaThread "Notification Thread" daemon [_thread_blocked, id=4560, stack(0x000000becc400000,0x000000becc500000)]
  0x0000024e082d9ca0 JavaThread "Exec Default Executor" daemon [_thread_in_native, id=12064, stack(0x000000becd100000,0x000000becd200000)]
  0x0000024e07c57ab0 JavaThread "UrlChecker-2" daemon [_thread_blocked, id=18308, stack(0x000000becd200000,0x000000becd300000)]
  0x0000024e092bf060 JavaThread "Exec Stream Pumper" daemon [_thread_in_native, id=19136, stack(0x000000becd400000,0x000000becd500000)]
  0x0000024e06a261e0 JavaThread "Exec Stream Pumper" daemon [_thread_in_native, id=10192, stack(0x000000becd500000,0x000000becd600000)]
  0x0000024e07954b70 JavaThread "ForkJoinPool.commonPool-worker-1" daemon [_thread_blocked, id=21592, stack(0x000000becd700000,0x000000becd800000)]
  0x0000024e079576c0 JavaThread "ForkJoinPool.commonPool-worker-2" daemon [_thread_blocked, id=26584, stack(0x000000becd800000,0x000000becd900000)]
  0x0000024e079571f0 JavaThread "OkHttp ConnectionPool" daemon [_thread_blocked, id=22268, stack(0x000000becd900000,0x000000becda00000)]
  0x0000024e07958530 JavaThread "Okio Watchdog" daemon [_thread_blocked, id=21160, stack(0x000000becda00000,0x000000becdb00000)]

Other Threads:
  0x0000024e00b20800 VMThread "VM Thread" [stack: 0x000000becb700000,0x000000becb800000] [id=13532]
  0x0000024e6662c960 WatcherThread [stack: 0x000000becc500000,0x000000becc600000] [id=16024]
  0x0000024e6660baf0 GCTaskThread "GC Thread#0" [stack: 0x000000becb200000,0x000000becb300000] [id=6612]
  0x0000024e05f7b670 GCTaskThread "GC Thread#1" [stack: 0x000000becc600000,0x000000becc700000] [id=24864]
  0x0000024e05d76b60 GCTaskThread "GC Thread#2" [stack: 0x000000becc700000,0x000000becc800000] [id=600]
  0x0000024e064a6d70 GCTaskThread "GC Thread#3" [stack: 0x000000becc800000,0x000000becc900000] [id=16120]
  0x0000024e059baa30 GCTaskThread "GC Thread#4" [stack: 0x000000becc900000,0x000000becca00000] [id=10868]
  0x0000024e059baf90 GCTaskThread "GC Thread#5" [stack: 0x000000becca00000,0x000000beccb00000] [id=13444]
  0x0000024e059bba50 GCTaskThread "GC Thread#6" [stack: 0x000000becc300000,0x000000becc400000] [id=4404]
  0x0000024e059bb7a0 GCTaskThread "GC Thread#7" [stack: 0x000000beccb00000,0x000000beccc00000] [id=26544]
  0x0000024e059bb240 GCTaskThread "GC Thread#8" [stack: 0x000000beccc00000,0x000000beccd00000] [id=11608]
  0x0000024e059bbd00 GCTaskThread "GC Thread#9" [stack: 0x000000beccd00000,0x000000becce00000] [id=20356]
  0x0000024e6661c940 ConcurrentGCThread "G1 Main Marker" [stack: 0x000000becb300000,0x000000becb400000] [id=2400]
  0x0000024e6661da00 ConcurrentGCThread "G1 Conc#0" [stack: 0x000000becb400000,0x000000becb500000] [id=8748]
  0x0000024e059bbfb0 ConcurrentGCThread "G1 Conc#1" [stack: 0x000000becce00000,0x000000beccf00000] [id=4584]
  0x0000024e064b0ef0 ConcurrentGCThread "G1 Conc#2" [stack: 0x000000beccf00000,0x000000becd000000] [id=10804]
  0x0000024e002e2550 ConcurrentGCThread "G1 Refine#0" [stack: 0x000000becb500000,0x000000becb600000] [id=26052]
  0x0000024e002e2e80 ConcurrentGCThread "G1 Service" [stack: 0x000000becb600000,0x000000becb700000] [id=25112]

Threads with active compile tasks:
C2 CompilerThread0    41647 6870       4       org.openqa.selenium.remote.internal.OkHttpClient::execute (503 bytes)

VM state: not at safepoint (normal execution)

VM Mutex/Monitor currently owned by a thread: None

Heap address: 0x0000000080000000, size: 2048 MB, Compressed Oops mode: 32-bit

CDS archive(s) not mapped
Compressed class space mapped at: 0x0000000100000000-0x0000000140000000, reserved size: 1073741824
Narrow klass base: 0x0000000000000000, Narrow klass shift: 3, Narrow klass range: 0x140000000

GC Precious Log:
 CPUs: 12 total, 12 available
 Memory: 15694M
 Large Page Support: Disabled
 NUMA Support: Disabled
 Compressed Oops: Enabled (32-bit)
 Heap Region Size: 1M
 Heap Min Capacity: 8M
 Heap Initial Capacity: 246M
 Heap Max Capacity: 2G
 Pre-touch: Disabled
 Parallel Workers: 10
 Concurrent Workers: 3
 Concurrent Refinement Workers: 10
 Periodic GC: Disabled

Heap:
 garbage-first heap   total 119808K, used 94109K [0x0000000080000000, 0x0000000100000000)
  region size 1024K, 61 young (62464K), 4 survivors (4096K)
 Metaspace       used 44495K, committed 45120K, reserved 1114112K
  class space    used 4851K, committed 5120K, reserved 1048576K

Heap Regions: E=young(eden), S=young(survivor), O=old, HS=humongous(starts), HC=humongous(continues), CS=collection set, F=free, OA=open archive, CA=closed archive, TAMS=top-at-mark-start (previous, next)
|   0|0x0000000080000000, 0x0000000080100000, 0x0000000080100000|100%|HS|  |TAMS 0x0000000080100000, 0x0000000080000000| Complete 
|   1|0x0000000080100000, 0x0000000080200000, 0x0000000080200000|100%|HS|  |TAMS 0x0000000080200000, 0x0000000080100000| Complete 
|   2|0x0000000080200000, 0x0000000080300000, 0x0000000080300000|100%|HS|  |TAMS 0x0000000080300000, 0x0000000080200000| Complete 
|   3|0x0000000080300000, 0x0000000080400000, 0x0000000080400000|100%|HC|  |TAMS 0x0000000080400000, 0x0000000080300000| Complete 
|   4|0x0000000080400000, 0x0000000080500000, 0x0000000080500000|100%| O|  |TAMS 0x0000000080500000, 0x0000000080400000| Untracked 
|   5|0x0000000080500000, 0x0000000080600000, 0x0000000080600000|100%| O|  |TAMS 0x0000000080600000, 0x0000000080500000| Untracked 
|   6|0x0000000080600000, 0x0000000080700000, 0x0000000080700000|100%| O|  |TAMS 0x0000000080700000, 0x0000000080600000| Untracked 
|   7|0x0000000080700000, 0x0000000080800000, 0x0000000080800000|100%| O|  |TAMS 0x0000000080800000, 0x0000000080700000| Untracked 
|   8|0x0000000080800000, 0x0000000080900000, 0x0000000080900000|100%| O|  |TAMS 0x0000000080900000, 0x0000000080800000| Untracked 
|   9|0x0000000080900000, 0x0000000080a00000, 0x0000000080a00000|100%| O|  |TAMS 0x0000000080a00000, 0x0000000080900000| Untracked 
|  10|0x0000000080a00000, 0x0000000080b00000, 0x0000000080b00000|100%| O|  |TAMS 0x0000000080b00000, 0x0000000080a00000| Untracked 
|  11|0x0000000080b00000, 0x0000000080c00000, 0x0000000080c00000|100%| O|  |TAMS 0x0000000080c00000, 0x0000000080b00000| Untracked 
|  12|0x0000000080c00000, 0x0000000080d00000, 0x0000000080d00000|100%| O|  |TAMS 0x0000000080d00000, 0x0000000080c00000| Untracked 
|  13|0x0000000080d00000, 0x0000000080dace00, 0x0000000080e00000| 67%| O|  |TAMS 0x0000000080dace00, 0x0000000080d00000| Untracked 
|  14|0x0000000080e00000, 0x0000000080f00000, 0x0000000080f00000|100%| O|  |TAMS 0x0000000080f00000, 0x0000000080e00000| Untracked 
|  15|0x0000000080f00000, 0x0000000081000000, 0x0000000081000000|100%| O|  |TAMS 0x0000000081000000, 0x0000000080f00000| Untracked 
|  16|0x0000000081000000, 0x0000000081100000, 0x0000000081100000|100%| O|  |TAMS 0x0000000081100000, 0x0000000081000000| Untracked 
|  17|0x0000000081100000, 0x0000000081200000, 0x0000000081200000|100%| O|  |TAMS 0x0000000081200000, 0x0000000081100000| Untracked 
|  18|0x0000000081200000, 0x0000000081300000, 0x0000000081300000|100%| O|  |TAMS 0x0000000081300000, 0x0000000081200000| Untracked 
|  19|0x0000000081300000, 0x0000000081400000, 0x0000000081400000|100%| O|  |TAMS 0x0000000081400000, 0x0000000081300000| Untracked 
|  20|0x0000000081400000, 0x0000000081500000, 0x0000000081500000|100%| O|  |TAMS 0x0000000081500000, 0x0000000081400000| Untracked 
|  21|0x0000000081500000, 0x0000000081600000, 0x0000000081600000|100%| O|  |TAMS 0x0000000081600000, 0x0000000081500000| Untracked 
|  22|0x0000000081600000, 0x0000000081700000, 0x0000000081700000|100%| O|  |TAMS 0x0000000081700000, 0x0000000081600000| Untracked 
|  23|0x0000000081700000, 0x0000000081800000, 0x0000000081800000|100%| O|  |TAMS 0x0000000081800000, 0x0000000081700000| Untracked 
|  24|0x0000000081800000, 0x0000000081900000, 0x0000000081900000|100%| O|  |TAMS 0x000000008185a800, 0x0000000081800000| Untracked 
|  25|0x0000000081900000, 0x0000000081a00000, 0x0000000081a00000|100%| O|  |TAMS 0x0000000081900000, 0x0000000081900000| Untracked 
|  26|0x0000000081a00000, 0x0000000081b00000, 0x0000000081b00000|100%| O|  |TAMS 0x0000000081a00000, 0x0000000081a00000| Untracked 
|  27|0x0000000081b00000, 0x0000000081c00000, 0x0000000081c00000|100%| O|  |TAMS 0x0000000081b00000, 0x0000000081b00000| Untracked 
|  28|0x0000000081c00000, 0x0000000081d00000, 0x0000000081d00000|100%| O|  |TAMS 0x0000000081c00000, 0x0000000081c00000| Untracked 
|  29|0x0000000081d00000, 0x0000000081e00000, 0x0000000081e00000|100%| O|  |TAMS 0x0000000081d00000, 0x0000000081d00000| Untracked 
|  30|0x0000000081e00000, 0x0000000081f00000, 0x0000000081f00000|100%| O|  |TAMS 0x0000000081e00000, 0x0000000081e00000| Untracked 
|  31|0x0000000081f00000, 0x0000000082000000, 0x0000000082000000|100%| O|  |TAMS 0x0000000081f00000, 0x0000000081f00000| Untracked 
|  32|0x0000000082000000, 0x000000008203a800, 0x0000000082100000| 22%| O|  |TAMS 0x0000000082000000, 0x0000000082000000| Untracked 
|  33|0x0000000082100000, 0x0000000082100000, 0x0000000082200000|  0%| F|  |TAMS 0x0000000082100000, 0x0000000082100000| Untracked 
|  34|0x0000000082200000, 0x0000000082200000, 0x0000000082300000|  0%| F|  |TAMS 0x0000000082200000, 0x0000000082200000| Untracked 
|  35|0x0000000082300000, 0x0000000082300000, 0x0000000082400000|  0%| F|  |TAMS 0x0000000082300000, 0x0000000082300000| Untracked 
|  36|0x0000000082400000, 0x0000000082400000, 0x0000000082500000|  0%| F|  |TAMS 0x0000000082400000, 0x0000000082400000| Untracked 
|  37|0x0000000082500000, 0x0000000082500000, 0x0000000082600000|  0%| F|  |TAMS 0x0000000082500000, 0x0000000082500000| Untracked 
|  38|0x0000000082600000, 0x0000000082600000, 0x0000000082700000|  0%| F|  |TAMS 0x0000000082600000, 0x0000000082600000| Untracked 
|  39|0x0000000082700000, 0x0000000082700000, 0x0000000082800000|  0%| F|  |TAMS 0x0000000082700000, 0x0000000082700000| Untracked 
|  40|0x0000000082800000, 0x0000000082800000, 0x0000000082900000|  0%| F|  |TAMS 0x0000000082800000, 0x0000000082800000| Untracked 
|  41|0x0000000082900000, 0x0000000082900000, 0x0000000082a00000|  0%| F|  |TAMS 0x0000000082900000, 0x0000000082900000| Untracked 
|  42|0x0000000082a00000, 0x0000000082a00000, 0x0000000082b00000|  0%| F|  |TAMS 0x0000000082a00000, 0x0000000082a00000| Untracked 
|  43|0x0000000082b00000, 0x0000000082b00000, 0x0000000082c00000|  0%| F|  |TAMS 0x0000000082b00000, 0x0000000082b00000| Untracked 
|  44|0x0000000082c00000, 0x0000000082c00000, 0x0000000082d00000|  0%| F|  |TAMS 0x0000000082c00000, 0x0000000082c00000| Untracked 
|  45|0x0000000082d00000, 0x0000000082d00000, 0x0000000082e00000|  0%| F|  |TAMS 0x0000000082d00000, 0x0000000082d00000| Untracked 
|  46|0x0000000082e00000, 0x0000000082e00000, 0x0000000082f00000|  0%| F|  |TAMS 0x0000000082e00000, 0x0000000082e00000| Untracked 
|  47|0x0000000082f00000, 0x0000000083000000, 0x0000000083000000|100%| S|CS|TAMS 0x0000000082f00000, 0x0000000082f00000| Complete 
|  48|0x0000000083000000, 0x0000000083000000, 0x0000000083100000|  0%| F|  |TAMS 0x0000000083000000, 0x0000000083000000| Untracked 
|  49|0x0000000083100000, 0x0000000083100000, 0x0000000083200000|  0%| F|  |TAMS 0x0000000083100000, 0x0000000083100000| Untracked 
|  50|0x0000000083200000, 0x0000000083200000, 0x0000000083300000|  0%| F|  |TAMS 0x0000000083200000, 0x0000000083200000| Untracked 
|  51|0x0000000083300000, 0x0000000083400000, 0x0000000083400000|100%| S|CS|TAMS 0x0000000083300000, 0x0000000083300000| Complete 
|  52|0x0000000083400000, 0x0000000083500000, 0x0000000083500000|100%| S|CS|TAMS 0x0000000083400000, 0x0000000083400000| Complete 
|  53|0x0000000083500000, 0x0000000083600000, 0x0000000083600000|100%| S|CS|TAMS 0x0000000083500000, 0x0000000083500000| Complete 
|  54|0x0000000083600000, 0x0000000083600000, 0x0000000083700000|  0%| F|  |TAMS 0x0000000083600000, 0x0000000083600000| Untracked 
|  55|0x0000000083700000, 0x0000000083700000, 0x0000000083800000|  0%| F|  |TAMS 0x0000000083700000, 0x0000000083700000| Untracked 
|  56|0x0000000083800000, 0x0000000083800000, 0x0000000083900000|  0%| F|  |TAMS 0x0000000083800000, 0x0000000083800000| Untracked 
|  57|0x0000000083900000, 0x0000000083900000, 0x0000000083a00000|  0%| F|  |TAMS 0x0000000083900000, 0x0000000083900000| Untracked 
|  58|0x0000000083a00000, 0x0000000083a00000, 0x0000000083b00000|  0%| F|  |TAMS 0x0000000083a00000, 0x0000000083a00000| Untracked 
|  59|0x0000000083b00000, 0x0000000083b00000, 0x0000000083c00000|  0%| F|  |TAMS 0x0000000083b00000, 0x0000000083b00000| Untracked 
|  60|0x0000000083c00000, 0x0000000083c80800, 0x0000000083d00000| 50%| E|  |TAMS 0x0000000083c00000, 0x0000000083c00000| Complete 
|  61|0x0000000083d00000, 0x0000000083e00000, 0x0000000083e00000|100%| E|CS|TAMS 0x0000000083d00000, 0x0000000083d00000| Complete 
|  62|0x0000000083e00000, 0x0000000083f00000, 0x0000000083f00000|100%| E|CS|TAMS 0x0000000083e00000, 0x0000000083e00000| Complete 
|  63|0x0000000083f00000, 0x0000000084000000, 0x0000000084000000|100%| E|CS|TAMS 0x0000000083f00000, 0x0000000083f00000| Complete 
|  64|0x0000000084000000, 0x0000000084100000, 0x0000000084100000|100%| E|CS|TAMS 0x0000000084000000, 0x0000000084000000| Complete 
|  65|0x0000000084100000, 0x0000000084200000, 0x0000000084200000|100%| E|CS|TAMS 0x0000000084100000, 0x0000000084100000| Complete 
|  66|0x0000000084200000, 0x0000000084300000, 0x0000000084300000|100%| E|CS|TAMS 0x0000000084200000, 0x0000000084200000| Complete 
|  67|0x0000000084300000, 0x0000000084400000, 0x0000000084400000|100%| E|CS|TAMS 0x0000000084300000, 0x0000000084300000| Complete 
|  68|0x0000000084400000, 0x0000000084500000, 0x0000000084500000|100%| E|CS|TAMS 0x0000000084400000, 0x0000000084400000| Complete 
|  69|0x0000000084500000, 0x0000000084600000, 0x0000000084600000|100%| E|CS|TAMS 0x0000000084500000, 0x0000000084500000| Complete 
|  70|0x0000000084600000, 0x0000000084700000, 0x0000000084700000|100%| E|CS|TAMS 0x0000000084600000, 0x0000000084600000| Complete 
|  71|0x0000000084700000, 0x0000000084800000, 0x0000000084800000|100%| E|CS|TAMS 0x0000000084700000, 0x0000000084700000| Complete 
|  72|0x0000000084800000, 0x0000000084900000, 0x0000000084900000|100%| E|CS|TAMS 0x0000000084800000, 0x0000000084800000| Complete 
|  73|0x0000000084900000, 0x0000000084a00000, 0x0000000084a00000|100%| E|CS|TAMS 0x0000000084900000, 0x0000000084900000| Complete 
|  74|0x0000000084a00000, 0x0000000084b00000, 0x0000000084b00000|100%| E|CS|TAMS 0x0000000084a00000, 0x0000000084a00000| Complete 
|  75|0x0000000084b00000, 0x0000000084c00000, 0x0000000084c00000|100%| E|CS|TAMS 0x0000000084b00000, 0x0000000084b00000| Complete 
|  76|0x0000000084c00000, 0x0000000084d00000, 0x0000000084d00000|100%| E|CS|TAMS 0x0000000084c00000, 0x0000000084c00000| Complete 
|  77|0x0000000084d00000, 0x0000000084e00000, 0x0000000084e00000|100%| E|CS|TAMS 0x0000000084d00000, 0x0000000084d00000| Complete 
|  78|0x0000000084e00000, 0x0000000084f00000, 0x0000000084f00000|100%| E|CS|TAMS 0x0000000084e00000, 0x0000000084e00000| Complete 
|  79|0x0000000084f00000, 0x0000000085000000, 0x0000000085000000|100%| E|CS|TAMS 0x0000000084f00000, 0x0000000084f00000| Complete 
|  80|0x0000000085000000, 0x0000000085100000, 0x0000000085100000|100%| E|CS|TAMS 0x0000000085000000, 0x0000000085000000| Complete 
|  81|0x0000000085100000, 0x0000000085200000, 0x0000000085200000|100%| E|CS|TAMS 0x0000000085100000, 0x0000000085100000| Complete 
|  82|0x0000000085200000, 0x0000000085300000, 0x0000000085300000|100%| E|CS|TAMS 0x0000000085200000, 0x0000000085200000| Complete 
|  83|0x0000000085300000, 0x0000000085400000, 0x0000000085400000|100%| E|CS|TAMS 0x0000000085300000, 0x0000000085300000| Complete 
|  84|0x0000000085400000, 0x0000000085500000, 0x0000000085500000|100%| E|CS|TAMS 0x0000000085400000, 0x0000000085400000| Complete 
|  85|0x0000000085500000, 0x0000000085600000, 0x0000000085600000|100%| E|CS|TAMS 0x0000000085500000, 0x0000000085500000| Complete 
|  86|0x0000000085600000, 0x0000000085700000, 0x0000000085700000|100%| E|CS|TAMS 0x0000000085600000, 0x0000000085600000| Complete 
|  87|0x0000000085700000, 0x0000000085800000, 0x0000000085800000|100%| E|CS|TAMS 0x0000000085700000, 0x0000000085700000| Complete 
|  88|0x0000000085800000, 0x0000000085900000, 0x0000000085900000|100%| E|CS|TAMS 0x0000000085800000, 0x0000000085800000| Complete 
|  89|0x0000000085900000, 0x0000000085a00000, 0x0000000085a00000|100%| E|CS|TAMS 0x0000000085900000, 0x0000000085900000| Complete 
|  90|0x0000000085a00000, 0x0000000085b00000, 0x0000000085b00000|100%| E|CS|TAMS 0x0000000085a00000, 0x0000000085a00000| Complete 
|  91|0x0000000085b00000, 0x0000000085c00000, 0x0000000085c00000|100%| E|CS|TAMS 0x0000000085b00000, 0x0000000085b00000| Complete 
|  92|0x0000000085c00000, 0x0000000085d00000, 0x0000000085d00000|100%| E|CS|TAMS 0x0000000085c00000, 0x0000000085c00000| Complete 
|  93|0x0000000085d00000, 0x0000000085e00000, 0x0000000085e00000|100%| E|CS|TAMS 0x0000000085d00000, 0x0000000085d00000| Complete 
|  94|0x0000000085e00000, 0x0000000085f00000, 0x0000000085f00000|100%| E|CS|TAMS 0x0000000085e00000, 0x0000000085e00000| Complete 
|  95|0x0000000085f00000, 0x0000000086000000, 0x0000000086000000|100%| E|CS|TAMS 0x0000000085f00000, 0x0000000085f00000| Complete 
|  96|0x0000000086000000, 0x0000000086100000, 0x0000000086100000|100%| E|CS|TAMS 0x0000000086000000, 0x0000000086000000| Complete 
|  97|0x0000000086100000, 0x0000000086200000, 0x0000000086200000|100%| E|CS|TAMS 0x0000000086100000, 0x0000000086100000| Complete 
|  98|0x0000000086200000, 0x0000000086300000, 0x0000000086300000|100%| E|CS|TAMS 0x0000000086200000, 0x0000000086200000| Complete 
|  99|0x0000000086300000, 0x0000000086400000, 0x0000000086400000|100%| E|CS|TAMS 0x0000000086300000, 0x0000000086300000| Complete 
| 100|0x0000000086400000, 0x0000000086500000, 0x0000000086500000|100%| E|CS|TAMS 0x0000000086400000, 0x0000000086400000| Complete 
| 101|0x0000000086500000, 0x0000000086600000, 0x0000000086600000|100%| E|CS|TAMS 0x0000000086500000, 0x0000000086500000| Complete 
| 102|0x0000000086600000, 0x0000000086700000, 0x0000000086700000|100%| E|CS|TAMS 0x0000000086600000, 0x0000000086600000| Complete 
| 103|0x0000000086700000, 0x0000000086800000, 0x0000000086800000|100%| E|CS|TAMS 0x0000000086700000, 0x0000000086700000| Complete 
| 104|0x0000000086800000, 0x0000000086900000, 0x0000000086900000|100%| E|CS|TAMS 0x0000000086800000, 0x0000000086800000| Complete 
| 105|0x0000000086900000, 0x0000000086a00000, 0x0000000086a00000|100%| E|CS|TAMS 0x0000000086900000, 0x0000000086900000| Complete 
| 106|0x0000000086a00000, 0x0000000086b00000, 0x0000000086b00000|100%| E|CS|TAMS 0x0000000086a00000, 0x0000000086a00000| Complete 
| 107|0x0000000086b00000, 0x0000000086c00000, 0x0000000086c00000|100%| E|CS|TAMS 0x0000000086b00000, 0x0000000086b00000| Complete 
| 217|0x000000008d900000, 0x000000008da00000, 0x000000008da00000|100%| E|CS|TAMS 0x000000008d900000, 0x000000008d900000| Complete 
| 218|0x000000008da00000, 0x000000008db00000, 0x000000008db00000|100%| E|CS|TAMS 0x000000008da00000, 0x000000008da00000| Complete 
| 219|0x000000008db00000, 0x000000008dc00000, 0x000000008dc00000|100%| E|CS|TAMS 0x000000008db00000, 0x000000008db00000| Complete 
| 220|0x000000008dc00000, 0x000000008dd00000, 0x000000008dd00000|100%| E|CS|TAMS 0x000000008dc00000, 0x000000008dc00000| Complete 
| 221|0x000000008dd00000, 0x000000008de00000, 0x000000008de00000|100%| E|CS|TAMS 0x000000008dd00000, 0x000000008dd00000| Complete 
| 222|0x000000008de00000, 0x000000008df00000, 0x000000008df00000|100%| E|CS|TAMS 0x000000008de00000, 0x000000008de00000| Complete 
| 223|0x000000008df00000, 0x000000008e000000, 0x000000008e000000|100%| E|CS|TAMS 0x000000008df00000, 0x000000008df00000| Complete 
| 224|0x000000008e000000, 0x000000008e100000, 0x000000008e100000|100%| E|CS|TAMS 0x000000008e000000, 0x000000008e000000| Complete 
| 245|0x000000008f500000, 0x000000008f600000, 0x000000008f600000|100%| E|CS|TAMS 0x000000008f500000, 0x000000008f500000| Complete 

Card table byte_map: [0x0000024e79570000,0x0000024e79970000] _byte_map_base: 0x0000024e79170000

Marking Bits (Prev, Next): (CMBitMap*) 0x0000024e6660c010, (CMBitMap*) 0x0000024e6660c050
 Prev Bits: [0x0000024e79d70000, 0x0000024e7bd70000)
 Next Bits: [0x0000024e7bd70000, 0x0000024e7dd70000)

Polling page: 0x0000024e644d0000

Metaspace:

Usage:
  Non-class:     38.71 MB used.
      Class:      4.74 MB used.
       Both:     43.45 MB used.

Virtual space:
  Non-class space:       64.00 MB reserved,      39.06 MB ( 61%) committed,  1 nodes.
      Class space:        1.00 GB reserved,       5.00 MB ( <1%) committed,  1 nodes.
             Both:        1.06 GB reserved,      44.06 MB (  4%) committed. 

Chunk freelists:
   Non-Class:  8.61 MB
       Class:  10.94 MB
        Both:  19.55 MB

MaxMetaspaceSize: unlimited
CompressedClassSpaceSize: 1.00 GB
Initial GC threshold: 21.00 MB
Current GC threshold: 58.69 MB
CDS: off
MetaspaceReclaimPolicy: balanced
 - commit_granule_bytes: 65536.
 - commit_granule_words: 8192.
 - virtual_space_node_default_size: 8388608.
 - enlarge_chunks_in_place: 1.
 - new_chunks_are_fully_committed: 0.
 - uncommit_free_chunks: 1.
 - use_allocation_guard: 0.
 - handle_deallocations: 1.


Internal statistics:

num_allocs_failed_limit: 6.
num_arena_births: 700.
num_arena_deaths: 0.
num_vsnodes_births: 2.
num_vsnodes_deaths: 0.
num_space_committed: 705.
num_space_uncommitted: 0.
num_chunks_returned_to_freelist: 6.
num_chunks_taken_from_freelist: 1796.
num_chunk_merges: 6.
num_chunk_splits: 1199.
num_chunks_enlarged: 794.
num_inconsistent_stats: 0.

CodeHeap 'non-profiled nmethods': size=120000Kb used=4129Kb max_used=4129Kb free=115870Kb
 bounds [0x0000024e716f0000, 0x0000024e71b00000, 0x0000024e78c20000]
CodeHeap 'profiled nmethods': size=120000Kb used=11368Kb max_used=11368Kb free=108631Kb
 bounds [0x0000024e69c20000, 0x0000024e6a740000, 0x0000024e71150000]
CodeHeap 'non-nmethods': size=5760Kb used=2310Kb max_used=2373Kb free=3449Kb
 bounds [0x0000024e71150000, 0x0000024e713c0000, 0x0000024e716f0000]
 total_blobs=6867 nmethods=6044 adapters=735
 compilation: enabled
              stopped_count=0, restarted_count=0
 full_count=0

Compilation events (20 events):
Event: 37.705 Thread 0x0000024e00b522f0 nmethod 6860 0x0000024e71aeea10 code [0x0000024e71aeebc0, 0x0000024e71aeefa8]
Event: 38.063 Thread 0x0000024e00b522f0 6861       4       com.google.common.collect.Maps$IteratorBasedAbstractMap$1::iterator (8 bytes)
Event: 38.067 Thread 0x0000024e00b522f0 nmethod 6861 0x0000024e71aef310 code [0x0000024e71aef4c0, 0x0000024e71aef9d8]
Event: 38.067 Thread 0x0000024e00b522f0 6862       4       com.google.common.collect.Maps$TransformedEntriesMap::entryIterator (25 bytes)
Event: 38.071 Thread 0x0000024e00b522f0 nmethod 6862 0x0000024e71aefd90 code [0x0000024e71aeff40, 0x0000024e71af0438]
Event: 38.483 Thread 0x0000024e00b522f0 6863       4       okio.RealBufferedSink::timeout (10 bytes)
Event: 38.483 Thread 0x0000024e00b522f0 nmethod 6863 0x0000024e71af0790 code [0x0000024e71af0900, 0x0000024e71af09b8]
Event: 38.489 Thread 0x0000024e00b522f0 6864       4       org.openqa.selenium.remote.http.HttpMessage::<init> (42 bytes)
Event: 38.495 Thread 0x0000024e00b522f0 nmethod 6864 0x0000024e71af0a90 code [0x0000024e71af0c40, 0x0000024e71af1358]
Event: 39.036 Thread 0x0000024e00b522f0 6865       4       com.google.common.collect.AbstractMapBasedMultimap$KeySet::iterator (25 bytes)
Event: 39.040 Thread 0x0000024e00b522f0 nmethod 6865 0x0000024e71af1610 code [0x0000024e71af17c0, 0x0000024e71af1c98]
Event: 39.040 Thread 0x0000024e00b522f0 6866       4       com.google.common.collect.AbstractMapBasedMultimap$KeySet$1::next (26 bytes)
Event: 39.045 Thread 0x0000024e00b522f0 nmethod 6866 0x0000024e71af1f90 code [0x0000024e71af2120, 0x0000024e71af2718]
Event: 39.045 Thread 0x0000024e00b522f0 6867       4       okhttp3.HttpUrl::newBuilder (108 bytes)
Event: 39.091 Thread 0x0000024e00b522f0 nmethod 6867 0x0000024e71af2990 code [0x0000024e71af2c00, 0x0000024e71af5350]
Event: 39.091 Thread 0x0000024e00b522f0 6868       4       okhttp3.HttpUrl::encodedUsername (51 bytes)
Event: 39.091 Thread 0x0000024e00b522f0 nmethod 6868 0x0000024e71af6410 code [0x0000024e71af6580, 0x0000024e71af6658]
Event: 39.091 Thread 0x0000024e00b522f0 6869       4       okhttp3.internal.http1.Http1Codec$FixedLengthSource::read (137 bytes)
Event: 39.102 Thread 0x0000024e00b522f0 nmethod 6869 0x0000024e71af6790 code [0x0000024e71af69c0, 0x0000024e71af7988]
Event: 41.508 Thread 0x0000024e00b522f0 6870       4       org.openqa.selenium.remote.internal.OkHttpClient::execute (503 bytes)

GC Heap History (20 events):
Event: 2.907 GC heap before
{Heap before GC invocations=7 (full 0):
 garbage-first heap   total 78848K, used 56702K [0x0000000080000000, 0x0000000100000000)
  region size 1024K, 36 young (36864K), 5 survivors (5120K)
 Metaspace       used 30473K, committed 30848K, reserved 1114112K
  class space    used 3266K, committed 3456K, reserved 1048576K
}
Event: 2.914 GC heap after
{Heap after GC invocations=8 (full 0):
 garbage-first heap   total 78848K, used 27219K [0x0000000080000000, 0x0000000100000000)
  region size 1024K, 3 young (3072K), 3 survivors (3072K)
 Metaspace       used 30473K, committed 30848K, reserved 1114112K
  class space    used 3266K, committed 3456K, reserved 1048576K
}
Event: 3.065 GC heap before
{Heap before GC invocations=8 (full 0):
 garbage-first heap   total 78848K, used 59987K [0x0000000080000000, 0x0000000100000000)
  region size 1024K, 33 young (33792K), 3 survivors (3072K)
 Metaspace       used 31623K, committed 32000K, reserved 1114112K
  class space    used 3341K, committed 3520K, reserved 1048576K
}
Event: 3.070 GC heap after
{Heap after GC invocations=9 (full 0):
 garbage-first heap   total 99328K, used 27465K [0x0000000080000000, 0x0000000100000000)
  region size 1024K, 3 young (3072K), 3 survivors (3072K)
 Metaspace       used 31623K, committed 32000K, reserved 1114112K
  class space    used 3341K, committed 3520K, reserved 1048576K
}
Event: 3.414 GC heap before
{Heap before GC invocations=9 (full 0):
 garbage-first heap   total 99328K, used 73545K [0x0000000080000000, 0x0000000100000000)
  region size 1024K, 48 young (49152K), 3 survivors (3072K)
 Metaspace       used 33658K, committed 34048K, reserved 1114112K
  class space    used 3573K, committed 3776K, reserved 1048576K
}
Event: 3.418 GC heap after
{Heap after GC invocations=10 (full 0):
 garbage-first heap   total 99328K, used 28173K [0x0000000080000000, 0x0000000100000000)
  region size 1024K, 4 young (4096K), 4 survivors (4096K)
 Metaspace       used 33658K, committed 34048K, reserved 1114112K
  class space    used 3573K, committed 3776K, reserved 1048576K
}
Event: 3.627 GC heap before
{Heap before GC invocations=10 (full 0):
 garbage-first heap   total 99328K, used 75277K [0x0000000080000000, 0x0000000100000000)
  region size 1024K, 50 young (51200K), 4 survivors (4096K)
 Metaspace       used 34133K, committed 34496K, reserved 1114112K
  class space    used 3606K, committed 3776K, reserved 1048576K
}
Event: 3.633 GC heap after
{Heap after GC invocations=11 (full 0):
 garbage-first heap   total 99328K, used 29637K [0x0000000080000000, 0x0000000100000000)
  region size 1024K, 5 young (5120K), 5 survivors (5120K)
 Metaspace       used 34133K, committed 34496K, reserved 1114112K
  class space    used 3606K, committed 3776K, reserved 1048576K
}
Event: 4.014 GC heap before
{Heap before GC invocations=11 (full 0):
 garbage-first heap   total 99328K, used 75717K [0x0000000080000000, 0x0000000100000000)
  region size 1024K, 51 young (52224K), 5 survivors (5120K)
 Metaspace       used 35487K, committed 35968K, reserved 1114112K
  class space    used 3747K, committed 3968K, reserved 1048576K
}
Event: 4.022 GC heap after
{Heap after GC invocations=12 (full 0):
 garbage-first heap   total 99328K, used 32783K [0x0000000080000000, 0x0000000100000000)
  region size 1024K, 6 young (6144K), 6 survivors (6144K)
 Metaspace       used 35487K, committed 35968K, reserved 1114112K
  class space    used 3747K, committed 3968K, reserved 1048576K
}
Event: 4.862 GC heap before
{Heap before GC invocations=13 (full 0):
 garbage-first heap   total 99328K, used 77839K [0x0000000080000000, 0x0000000100000000)
  region size 1024K, 50 young (51200K), 6 survivors (6144K)
 Metaspace       used 42460K, committed 43008K, reserved 1114112K
  class space    used 4716K, committed 4992K, reserved 1048576K
}
Event: 4.871 GC heap after
{Heap after GC invocations=14 (full 0):
 garbage-first heap   total 119808K, used 36019K [0x0000000080000000, 0x0000000100000000)
  region size 1024K, 7 young (7168K), 7 survivors (7168K)
 Metaspace       used 42460K, committed 43008K, reserved 1114112K
  class space    used 4716K, committed 4992K, reserved 1048576K
}
Event: 11.443 GC heap before
{Heap before GC invocations=14 (full 0):
 garbage-first heap   total 119808K, used 94387K [0x0000000080000000, 0x0000000100000000)
  region size 1024K, 64 young (65536K), 7 survivors (7168K)
 Metaspace       used 44148K, committed 44736K, reserved 1114112K
  class space    used 4847K, committed 5120K, reserved 1048576K
}
Event: 11.450 GC heap after
{Heap after GC invocations=15 (full 0):
 garbage-first heap   total 119808K, used 36765K [0x0000000080000000, 0x0000000100000000)
  region size 1024K, 4 young (4096K), 4 survivors (4096K)
 Metaspace       used 44148K, committed 44736K, reserved 1114112K
  class space    used 4847K, committed 5120K, reserved 1048576K
}
Event: 18.883 GC heap before
{Heap before GC invocations=15 (full 0):
 garbage-first heap   total 119808K, used 96157K [0x0000000080000000, 0x0000000100000000)
  region size 1024K, 62 young (63488K), 4 survivors (4096K)
 Metaspace       used 44430K, committed 44992K, reserved 1114112K
  class space    used 4849K, committed 5120K, reserved 1048576K
}
Event: 18.888 GC heap after
{Heap after GC invocations=16 (full 0):
 garbage-first heap   total 119808K, used 36765K [0x0000000080000000, 0x0000000100000000)
  region size 1024K, 4 young (4096K), 4 survivors (4096K)
 Metaspace       used 44430K, committed 44992K, reserved 1114112K
  class space    used 4849K, committed 5120K, reserved 1048576K
}
Event: 26.782 GC heap before
{Heap before GC invocations=16 (full 0):
 garbage-first heap   total 119808K, used 98205K [0x0000000080000000, 0x0000000100000000)
  region size 1024K, 64 young (65536K), 4 survivors (4096K)
 Metaspace       used 44430K, committed 44992K, reserved 1114112K
  class space    used 4849K, committed 5120K, reserved 1048576K
}
Event: 26.786 GC heap after
{Heap after GC invocations=17 (full 0):
 garbage-first heap   total 119808K, used 37153K [0x0000000080000000, 0x0000000100000000)
  region size 1024K, 5 young (5120K), 5 survivors (5120K)
 Metaspace       used 44430K, committed 44992K, reserved 1114112K
  class space    used 4849K, committed 5120K, reserved 1048576K
}
Event: 34.398 GC heap before
{Heap before GC invocations=17 (full 0):
 garbage-first heap   total 119808K, used 99617K [0x0000000080000000, 0x0000000100000000)
  region size 1024K, 66 young (67584K), 5 survivors (5120K)
 Metaspace       used 44495K, committed 45120K, reserved 1114112K
  class space    used 4851K, committed 5120K, reserved 1048576K
}
Event: 34.403 GC heap after
{Heap after GC invocations=18 (full 0):
 garbage-first heap   total 119808K, used 36765K [0x0000000080000000, 0x0000000100000000)
  region size 1024K, 4 young (4096K), 4 survivors (4096K)
 Metaspace       used 44495K, committed 45120K, reserved 1114112K
  class space    used 4851K, committed 5120K, reserved 1048576K
}

Dll operation events (7 events):
Event: 0.007 Loaded shared library C:\Users\HP\.katalon\packages\Katalon_Studio_Windows_64-9.1.0\Katalon_Studio_Windows_64-9.1.0\jre\bin\java.dll
Event: 0.137 Loaded shared library C:\Users\HP\.katalon\packages\Katalon_Studio_Windows_64-9.1.0\Katalon_Studio_Windows_64-9.1.0\jre\bin\net.dll
Event: 0.138 Loaded shared library C:\Users\HP\.katalon\packages\Katalon_Studio_Windows_64-9.1.0\Katalon_Studio_Windows_64-9.1.0\jre\bin\nio.dll
Event: 0.145 Loaded shared library C:\Users\HP\.katalon\packages\Katalon_Studio_Windows_64-9.1.0\Katalon_Studio_Windows_64-9.1.0\jre\bin\zip.dll
Event: 0.437 Loaded shared library C:\Users\HP\.katalon\packages\Katalon_Studio_Windows_64-9.1.0\Katalon_Studio_Windows_64-9.1.0\jre\bin\verify.dll
Event: 0.666 Loaded shared library C:\Users\HP\.katalon\packages\Katalon_Studio_Windows_64-9.1.0\Katalon_Studio_Windows_64-9.1.0\jre\bin\jimage.dll
Event: 4.437 Loaded shared library C:\Users\HP\.katalon\packages\Katalon_Studio_Windows_64-9.1.0\Katalon_Studio_Windows_64-9.1.0\jre\bin\sunmscapi.dll

Deoptimization events (20 events):
Event: 16.056 Thread 0x0000024e665ab4f0 DEOPT PACKING pc=0x0000024e71a4b94c sp=0x000000becb1fb140
Event: 16.056 Thread 0x0000024e665ab4f0 DEOPT UNPACKING pc=0x0000024e711a69a3 sp=0x000000becb1fb0d0 mode 2
Event: 16.064 Thread 0x0000024e665ab4f0 Uncommon trap: trap_request=0xffffffd6 fr.pc=0x0000024e71a4b94c relative=0x00000000000009cc
Event: 16.064 Thread 0x0000024e665ab4f0 Uncommon trap: reason=array_check action=maybe_recompile pc=0x0000024e71a4b94c method=com.google.common.collect.RegularImmutableMap.fromEntryArray(I[Ljava/util/Map$Entry;)Lcom/google/common/collect/ImmutableMap; @ 157 c2
Event: 16.064 Thread 0x0000024e665ab4f0 DEOPT PACKING pc=0x0000024e71a4b94c sp=0x000000becb1fb140
Event: 16.064 Thread 0x0000024e665ab4f0 DEOPT UNPACKING pc=0x0000024e711a69a3 sp=0x000000becb1fb0d0 mode 2
Event: 16.072 Thread 0x0000024e665ab4f0 Uncommon trap: trap_request=0xffffffd6 fr.pc=0x0000024e71a4b94c relative=0x00000000000009cc
Event: 16.072 Thread 0x0000024e665ab4f0 Uncommon trap: reason=array_check action=maybe_recompile pc=0x0000024e71a4b94c method=com.google.common.collect.RegularImmutableMap.fromEntryArray(I[Ljava/util/Map$Entry;)Lcom/google/common/collect/ImmutableMap; @ 157 c2
Event: 16.072 Thread 0x0000024e665ab4f0 DEOPT PACKING pc=0x0000024e71a4b94c sp=0x000000becb1fb140
Event: 16.072 Thread 0x0000024e665ab4f0 DEOPT UNPACKING pc=0x0000024e711a69a3 sp=0x000000becb1fb0d0 mode 2
Event: 16.080 Thread 0x0000024e665ab4f0 Uncommon trap: trap_request=0xffffffd6 fr.pc=0x0000024e71a4b94c relative=0x00000000000009cc
Event: 16.080 Thread 0x0000024e665ab4f0 Uncommon trap: reason=array_check action=maybe_recompile pc=0x0000024e71a4b94c method=com.google.common.collect.RegularImmutableMap.fromEntryArray(I[Ljava/util/Map$Entry;)Lcom/google/common/collect/ImmutableMap; @ 157 c2
Event: 16.080 Thread 0x0000024e665ab4f0 DEOPT PACKING pc=0x0000024e71a4b94c sp=0x000000becb1fb140
Event: 16.080 Thread 0x0000024e665ab4f0 DEOPT UNPACKING pc=0x0000024e711a69a3 sp=0x000000becb1fb0d0 mode 2
Event: 16.124 Thread 0x0000024e665ab4f0 DEOPT PACKING pc=0x0000024e6a565a56 sp=0x000000becb1fb2d0
Event: 16.124 Thread 0x0000024e665ab4f0 DEOPT UNPACKING pc=0x0000024e711a7143 sp=0x000000becb1fa798 mode 0
Event: 18.004 Thread 0x0000024e665ab4f0 DEOPT PACKING pc=0x0000024e6a667477 sp=0x000000becb1fb430
Event: 18.004 Thread 0x0000024e665ab4f0 DEOPT UNPACKING pc=0x0000024e711a7143 sp=0x000000becb1fa8e8 mode 0
Event: 19.528 Thread 0x0000024e665ab4f0 DEOPT PACKING pc=0x0000024e6a198471 sp=0x000000becb1fb390
Event: 19.528 Thread 0x0000024e665ab4f0 DEOPT UNPACKING pc=0x0000024e711a7143 sp=0x000000becb1fa890 mode 0

Classes unloaded (0 events):
No events

Classes redefined (0 events):
No events

Internal exceptions (20 events):
Event: 6.347 Thread 0x0000024e665ab4f0 Exception <a 'java/lang/ClassNotFoundException'{0x0000000086a9d738}: Script1BeanInfo> (0x0000000086a9d738) 
thrown [s\src\hotspot\share\classfile\systemDictionary.cpp, line 256]
Event: 6.349 Thread 0x0000024e665ab4f0 Exception <a 'java/lang/ClassNotFoundException'{0x0000000086ac34f8}: Script1Customizer> (0x0000000086ac34f8) 
thrown [s\src\hotspot\share\classfile\systemDictionary.cpp, line 256]
Event: 6.360 Thread 0x0000024e665ab4f0 Exception <a 'java/lang/ClassNotFoundException'{0x00000000869d5798}: com/kms/katalon/core/webui/keyword/builtin/SetTextKeywordBeanInfo> (0x00000000869d5798) 
thrown [s\src\hotspot\share\classfile\systemDictionary.cpp, line 256]
Event: 6.362 Thread 0x0000024e665ab4f0 Exception <a 'java/lang/ClassNotFoundException'{0x00000000868004d8}: com/kms/katalon/core/webui/keyword/builtin/SetTextKeywordCustomizer> (0x00000000868004d8) 
thrown [s\src\hotspot\share\classfile\systemDictionary.cpp, line 256]
Event: 11.145 Thread 0x0000024e665ab4f0 Exception <a 'java/lang/ClassNotFoundException'{0x00000000844ad3f8}: Script1BeanInfo> (0x00000000844ad3f8) 
thrown [s\src\hotspot\share\classfile\systemDictionary.cpp, line 256]
Event: 11.147 Thread 0x0000024e665ab4f0 Exception <a 'java/lang/ClassNotFoundException'{0x00000000844d31b8}: Script1Customizer> (0x00000000844d31b8) 
thrown [s\src\hotspot\share\classfile\systemDictionary.cpp, line 256]
Event: 11.330 Thread 0x0000024e665ab4f0 Exception <a 'java/lang/ClassNotFoundException'{0x00000000840d50e0}: Script1BeanInfo> (0x00000000840d50e0) 
thrown [s\src\hotspot\share\classfile\systemDictionary.cpp, line 256]
Event: 11.332 Thread 0x0000024e665ab4f0 Exception <a 'java/lang/ClassNotFoundException'{0x00000000840faea0}: Script1Customizer> (0x00000000840faea0) 
thrown [s\src\hotspot\share\classfile\systemDictionary.cpp, line 256]
Event: 11.338 Thread 0x0000024e665ab4f0 Exception <a 'java/lang/ClassNotFoundException'{0x0000000083ffa388}: com/kms/katalon/core/webui/keyword/builtin/ClickKeywordBeanInfo> (0x0000000083ffa388) 
thrown [s\src\hotspot\share\classfile\systemDictionary.cpp, line 256]
Event: 11.341 Thread 0x0000024e665ab4f0 Exception <a 'java/lang/ClassNotFoundException'{0x0000000083e24e98}: com/kms/katalon/core/webui/keyword/builtin/ClickKeywordCustomizer> (0x0000000083e24e98) 
thrown [s\src\hotspot\share\classfile\systemDictionary.cpp, line 256]
Event: 11.364 Thread 0x0000024e665ab4f0 Exception <a 'java/lang/ClassNotFoundException'{0x0000000083d4c918}: org/openqa/selenium/support/events/EventFiringWebDriver$EventFiringWebElementBeanInfo> (0x0000000083d4c918) 
thrown [s\src\hotspot\share\classfile\systemDictionary.cpp, line 256]
Event: 11.366 Thread 0x0000024e665ab4f0 Exception <a 'java/lang/ClassNotFoundException'{0x0000000083d7ada8}: org/openqa/selenium/support/events/EventFiringWebDriver$EventFiringWebElementCustomizer> (0x0000000083d7ada8) 
thrown [s\src\hotspot\share\classfile\systemDictionary.cpp, line 256]
Event: 11.459 Thread 0x0000024e665ab4f0 Exception <a 'java/lang/ClassNotFoundException'{0x000000008e0714c0}: Script1BeanInfo> (0x000000008e0714c0) 
thrown [s\src\hotspot\share\classfile\systemDictionary.cpp, line 256]
Event: 11.460 Thread 0x0000024e665ab4f0 Exception <a 'java/lang/ClassNotFoundException'{0x000000008e0974c0}: Script1Customizer> (0x000000008e0974c0) 
thrown [s\src\hotspot\share\classfile\systemDictionary.cpp, line 256]
Event: 15.260 Thread 0x0000024e665ab4f0 Exception <a 'java/lang/ClassNotFoundException'{0x000000008592b588}: Script1BeanInfo> (0x000000008592b588) 
thrown [s\src\hotspot\share\classfile\systemDictionary.cpp, line 256]
Event: 15.263 Thread 0x0000024e665ab4f0 Exception <a 'java/lang/ClassNotFoundException'{0x0000000085951318}: Script1Customizer> (0x0000000085951318) 
thrown [s\src\hotspot\share\classfile\systemDictionary.cpp, line 256]
Event: 32.620 Thread 0x0000024e665ab4f0 Exception <a 'java/lang/ClassNotFoundException'{0x0000000084a5ae40}: Script1BeanInfo> (0x0000000084a5ae40) 
thrown [s\src\hotspot\share\classfile\systemDictionary.cpp, line 256]
Event: 32.623 Thread 0x0000024e665ab4f0 Exception <a 'java/lang/ClassNotFoundException'{0x0000000084a80e20}: Script1Customizer> (0x0000000084a80e20) 
thrown [s\src\hotspot\share\classfile\systemDictionary.cpp, line 256]
Event: 32.746 Thread 0x0000024e665ab4f0 Exception <a 'java/lang/ClassNotFoundException'{0x000000008464cf70}: Script1BeanInfo> (0x000000008464cf70) 
thrown [s\src\hotspot\share\classfile\systemDictionary.cpp, line 256]
Event: 32.748 Thread 0x0000024e665ab4f0 Exception <a 'java/lang/ClassNotFoundException'{0x0000000084672d00}: Script1Customizer> (0x0000000084672d00) 
thrown [s\src\hotspot\share\classfile\systemDictionary.cpp, line 256]

VM Operations (20 events):
Event: 29.802 Executing VM operation: Cleanup
Event: 29.802 Executing VM operation: Cleanup done
Event: 30.804 Executing VM operation: Cleanup
Event: 30.804 Executing VM operation: Cleanup done
Event: 31.819 Executing VM operation: Cleanup
Event: 31.819 Executing VM operation: Cleanup done
Event: 32.824 Executing VM operation: Cleanup
Event: 32.825 Executing VM operation: Cleanup done
Event: 33.832 Executing VM operation: Cleanup
Event: 33.833 Executing VM operation: Cleanup done
Event: 34.398 Executing VM operation: G1CollectForAllocation
Event: 34.403 Executing VM operation: G1CollectForAllocation done
Event: 36.418 Executing VM operation: Cleanup
Event: 36.418 Executing VM operation: Cleanup done
Event: 37.430 Executing VM operation: Cleanup
Event: 37.431 Executing VM operation: Cleanup done
Event: 38.433 Executing VM operation: Cleanup
Event: 38.433 Executing VM operation: Cleanup done
Event: 39.434 Executing VM operation: Cleanup
Event: 39.434 Executing VM operation: Cleanup done

Events (20 events):
Event: 6.236 loading class java/lang/StackTraceElement$HashedModules
Event: 6.236 loading class java/lang/StackTraceElement$HashedModules done
Event: 6.253 Thread 0x0000024e00e33c00 Thread added: 0x0000024e00e33c00
Event: 6.323 Thread 0x0000024e05dc4d70 Thread added: 0x0000024e05dc4d70
Event: 6.962 loading class jdk/internal/access/foreign/MemorySegmentProxy
Event: 6.962 loading class jdk/internal/access/foreign/MemorySegmentProxy done
Event: 7.038 Thread 0x0000024e05dc4d70 Thread exited: 0x0000024e05dc4d70
Event: 7.038 Thread 0x0000024e00e33c00 Thread exited: 0x0000024e00e33c00
Event: 9.638 Thread 0x0000024e079559e0 Thread exited: 0x0000024e079559e0
Event: 10.977 loading class java/lang/StringUTF16$CodePointsSpliterator
Event: 10.977 loading class java/lang/StringUTF16$CodePointsSpliterator done
Event: 11.325 Thread 0x0000024e079545d0 Thread added: 0x0000024e079545d0
Event: 11.336 Thread 0x0000024e0566f2f0 Thread added: 0x0000024e0566f2f0
Event: 11.599 Thread 0x0000024e0566f2f0 Thread exited: 0x0000024e0566f2f0
Event: 12.226 Thread 0x0000024e079545d0 Thread exited: 0x0000024e079545d0
Event: 16.853 loading class java/util/concurrent/locks/AbstractQueuedSynchronizer$Node
Event: 16.853 loading class java/util/concurrent/locks/AbstractQueuedSynchronizer$Node done
Event: 20.379 Thread 0x0000024e00b61230 flushing nmethod 0x0000024e71755690
Event: 32.618 Thread 0x0000024e06fbdb30 Thread added: 0x0000024e06fbdb30
Event: 33.590 Thread 0x0000024e06fbdb30 Thread exited: 0x0000024e06fbdb30


Dynamic libraries:
0x00007ff6c5830000 - 0x00007ff6c583e000 	C:\Users\HP\.katalon\packages\Katalon_Studio_Windows_64-9.1.0\Katalon_Studio_Windows_64-9.1.0\jre\bin\javaw.exe
0x00007ffc50ad0000 - 0x00007ffc50ce7000 	C:\Windows\SYSTEM32\ntdll.dll
0x00007ffc4f6f0000 - 0x00007ffc4f7b4000 	C:\Windows\System32\KERNEL32.DLL
0x00007ffc4e1d0000 - 0x00007ffc4e57d000 	C:\Windows\System32\KERNELBASE.dll
0x00007ffc4de90000 - 0x00007ffc4dfa1000 	C:\Windows\System32\ucrtbase.dll
0x00007ffc394a0000 - 0x00007ffc394b9000 	C:\Users\HP\.katalon\packages\Katalon_Studio_Windows_64-9.1.0\Katalon_Studio_Windows_64-9.1.0\jre\bin\VCRUNTIME140.dll
0x00007ffc39480000 - 0x00007ffc39497000 	C:\Users\HP\.katalon\packages\Katalon_Studio_Windows_64-9.1.0\Katalon_Studio_Windows_64-9.1.0\jre\bin\jli.dll
0x00007ffc4e920000 - 0x00007ffc4eace000 	C:\Windows\System32\USER32.dll
0x00007ffc4d0c0000 - 0x00007ffc4d353000 	C:\Windows\WinSxS\amd64_microsoft.windows.common-controls_6595b64144ccf1df_6.0.22621.3672_none_2713b9d173822955\COMCTL32.dll
0x00007ffc4e120000 - 0x00007ffc4e146000 	C:\Windows\System32\win32u.dll
0x00007ffc4ee60000 - 0x00007ffc4ef07000 	C:\Windows\System32\msvcrt.dll
0x00007ffc4f5a0000 - 0x00007ffc4f5c9000 	C:\Windows\System32\GDI32.dll
0x00007ffc4e6e0000 - 0x00007ffc4e7f9000 	C:\Windows\System32\gdi32full.dll
0x00007ffc4e640000 - 0x00007ffc4e6da000 	C:\Windows\System32\msvcp_win.dll
0x00007ffc4fb50000 - 0x00007ffc4fb81000 	C:\Windows\System32\IMM32.DLL
0x00007ffc3a520000 - 0x00007ffc3a52c000 	C:\Users\HP\.katalon\packages\Katalon_Studio_Windows_64-9.1.0\Katalon_Studio_Windows_64-9.1.0\jre\bin\vcruntime140_1.dll
0x00007ffc38380000 - 0x00007ffc38411000 	C:\Users\HP\.katalon\packages\Katalon_Studio_Windows_64-9.1.0\Katalon_Studio_Windows_64-9.1.0\jre\bin\msvcp140.dll
0x00007ffc129f0000 - 0x00007ffc13638000 	C:\Users\HP\.katalon\packages\Katalon_Studio_Windows_64-9.1.0\Katalon_Studio_Windows_64-9.1.0\jre\bin\server\jvm.dll
0x00007ffc4e800000 - 0x00007ffc4e8b2000 	C:\Windows\System32\ADVAPI32.dll
0x00007ffc4f630000 - 0x00007ffc4f6d9000 	C:\Windows\System32\sechost.dll
0x00007ffc4ddf0000 - 0x00007ffc4de18000 	C:\Windows\System32\bcrypt.dll
0x00007ffc4ed10000 - 0x00007ffc4ee24000 	C:\Windows\System32\RPCRT4.dll
0x00007ffc4d670000 - 0x00007ffc4d679000 	C:\Windows\SYSTEM32\WSOCK32.dll
0x00007ffc48980000 - 0x00007ffc489b4000 	C:\Windows\SYSTEM32\WINMM.dll
0x00007ffc444b0000 - 0x00007ffc444ba000 	C:\Windows\SYSTEM32\VERSION.dll
0x00007ffc4ff20000 - 0x00007ffc4ff91000 	C:\Windows\System32\WS2_32.dll
0x00007ffc4c540000 - 0x00007ffc4c558000 	C:\Windows\SYSTEM32\kernel.appcore.dll
0x00007ffc49850000 - 0x00007ffc4985a000 	C:\Users\HP\.katalon\packages\Katalon_Studio_Windows_64-9.1.0\Katalon_Studio_Windows_64-9.1.0\jre\bin\jimage.dll
0x00007ffc4d6c0000 - 0x00007ffc4d8f2000 	C:\Windows\SYSTEM32\DBGHELP.DLL
0x00007ffc4fb90000 - 0x00007ffc4ff1d000 	C:\Windows\System32\combase.dll
0x00007ffc4ec30000 - 0x00007ffc4ed07000 	C:\Windows\System32\OLEAUT32.dll
0x00007ffc4d5b0000 - 0x00007ffc4d5e2000 	C:\Windows\SYSTEM32\dbgcore.DLL
0x00007ffc4e150000 - 0x00007ffc4e1cb000 	C:\Windows\System32\bcryptPrimitives.dll
0x00007ffc3a4b0000 - 0x00007ffc3a4d5000 	C:\Users\HP\.katalon\packages\Katalon_Studio_Windows_64-9.1.0\Katalon_Studio_Windows_64-9.1.0\jre\bin\java.dll
0x00007ffc48960000 - 0x00007ffc48978000 	C:\Users\HP\.katalon\packages\Katalon_Studio_Windows_64-9.1.0\Katalon_Studio_Windows_64-9.1.0\jre\bin\zip.dll
0x00007ffc50160000 - 0x00007ffc509c8000 	C:\Windows\System32\SHELL32.dll
0x00007ffc4b310000 - 0x00007ffc4bc0e000 	C:\Windows\SYSTEM32\windows.storage.dll
0x00007ffc4b1d0000 - 0x00007ffc4b30f000 	C:\Windows\SYSTEM32\wintypes.dll
0x00007ffc4f7c0000 - 0x00007ffc4f8b9000 	C:\Windows\System32\SHCORE.dll
0x00007ffc4ead0000 - 0x00007ffc4eb2e000 	C:\Windows\System32\shlwapi.dll
0x00007ffc4dd20000 - 0x00007ffc4dd41000 	C:\Windows\SYSTEM32\profapi.dll
0x00007ffc48060000 - 0x00007ffc48079000 	C:\Users\HP\.katalon\packages\Katalon_Studio_Windows_64-9.1.0\Katalon_Studio_Windows_64-9.1.0\jre\bin\net.dll
0x00007ffc49700000 - 0x00007ffc49836000 	C:\Windows\SYSTEM32\WINHTTP.dll
0x00007ffc4c9b0000 - 0x00007ffc4ca19000 	C:\Windows\system32\mswsock.dll
0x00007ffc46280000 - 0x00007ffc46295000 	C:\Users\HP\.katalon\packages\Katalon_Studio_Windows_64-9.1.0\Katalon_Studio_Windows_64-9.1.0\jre\bin\nio.dll
0x00007ffc48ac0000 - 0x00007ffc48ad0000 	C:\Users\HP\.katalon\packages\Katalon_Studio_Windows_64-9.1.0\Katalon_Studio_Windows_64-9.1.0\jre\bin\verify.dll
0x00007ffc4bff0000 - 0x00007ffc4c0e8000 	C:\Windows\SYSTEM32\DNSAPI.dll
0x00007ffc4bfc0000 - 0x00007ffc4bfed000 	C:\Windows\SYSTEM32\IPHLPAPI.DLL
0x00007ffc4f6e0000 - 0x00007ffc4f6e9000 	C:\Windows\System32\NSI.dll
0x00007ffc485f0000 - 0x00007ffc485fa000 	C:\Windows\System32\rasadhlp.dll
0x00007ffc48850000 - 0x00007ffc488d3000 	C:\Windows\System32\fwpuclnt.dll
0x00007ffc48280000 - 0x00007ffc4828e000 	C:\Users\HP\.katalon\packages\Katalon_Studio_Windows_64-9.1.0\Katalon_Studio_Windows_64-9.1.0\jre\bin\sunmscapi.dll
0x00007ffc4dfb0000 - 0x00007ffc4e117000 	C:\Windows\System32\CRYPT32.dll
0x00007ffc4cfa0000 - 0x00007ffc4cfce000 	C:\Windows\SYSTEM32\ncrypt.dll
0x00007ffc4cf60000 - 0x00007ffc4cf97000 	C:\Windows\SYSTEM32\NTASN1.dll
0x00007ffc4d9f0000 - 0x00007ffc4da0b000 	C:\Windows\SYSTEM32\CRYPTSP.dll
0x00007ffc4c970000 - 0x00007ffc4c9a5000 	C:\Windows\system32\rsaenh.dll
0x00007ffc4cad0000 - 0x00007ffc4caf8000 	C:\Windows\SYSTEM32\USERENV.dll
0x00007ffc4cc50000 - 0x00007ffc4cc5c000 	C:\Windows\SYSTEM32\CRYPTBASE.dll
0x00007ffc490a0000 - 0x00007ffc490b9000 	C:\Windows\SYSTEM32\dhcpcsvc6.DLL
0x00007ffc49080000 - 0x00007ffc4909f000 	C:\Windows\SYSTEM32\dhcpcsvc.DLL

dbghelp: loaded successfully - version: 4.0.5 - missing functions: none
symbol engine: initialized successfully - sym options: 0x614 - pdb path: .;C:\Users\HP\.katalon\packages\Katalon_Studio_Windows_64-9.1.0\Katalon_Studio_Windows_64-9.1.0\jre\bin;C:\Windows\SYSTEM32;C:\Windows\WinSxS\amd64_microsoft.windows.common-controls_6595b64144ccf1df_6.0.22621.3672_none_2713b9d173822955;C:\Users\HP\.katalon\packages\Katalon_Studio_Windows_64-9.1.0\Katalon_Studio_Windows_64-9.1.0\jre\bin\server

VM Arguments:
jvm_args: -Dgroovy.home=C:\Users\HP/.groovy -Djava.system.class.loader=groovy.lang.GroovyClassLoader -Xmx2048m -Dfile.encoding=UTF-8 -XX:+ShowCodeDetailsInExceptionMessages 
java_command: org.codehaus.groovy.tools.GroovyStarter --classpath C:\Folder Tag Samurai\bin\keyword;C:\Folder Tag Samurai\Keywords;C:\Folder Tag Samurai\bin\listener;C:\Folder Tag Samurai\Test Listeners;C:\Folder Tag Samurai\bin\lib;C:\Folder Tag Samurai\Libs;C:\Folder Tag Samurai\bin\groovy;C:\Folder Tag Samurai\Include\scripts\groovy;C:\Users\HP\.katalon\packages\Katalon_Studio_Windows_64-9.1.0\Katalon_Studio_Windows_64-9.1.0\plugins\com.kms.katalon.core_1.0.0.202312010623.jar;C:\Users\HP\.katalon\packages\Katalon_Studio_Windows_64-9.1.0\Katalon_Studio_Windows_64-9.1.0\configuration\resources\lib\aalto-xml-1.0.0.jar;C:\Users\HP\.katalon\packages\Katalon_Studio_Windows_64-9.1.0\Katalon_Studio_Windows_64-9.1.0\configuration\resources\lib\aspectjweaver-1.9.1.jar;C:\Users\HP\.katalon\packages\Katalon_Studio_Windows_64-9.1.0\Katalon_Studio_Windows_64-9.1.0\configuration\resources\lib\bcpkix-jdk15on-1.64.jar;C:\Users\HP\.katalon\packages\Katalon_Studio_Windows_64-9.1.0\Katalon_Studio_Windows_64-9.1.0\configuration\resources\lib\bcprov-jdk15on-1.64.jar;C:\Users\HP\.katalon\packages\Katalon_Studio_Windows_64-9.1.0\Katalon_Studio_Windows_64-9.1.0\configuration\resources\lib\browsermob-core-2.1.5.jar;C:\Users\HP\.katalon\packages\Katalon_Studio_Windows_64-9.1.0\Katalon_Studio_Windows_64-9.1.0\configuration\resources\lib\cglib-3.2.10.jar;C:\Users\HP\.katalon\packages\Katalon_Studio_Windows_64-9.1.0\Katalon_Studio_Windows_64-9.1.0\configuration\resources\lib\commons-codec-1.10.jar;C:\Users\HP\.katalon\packages\Katalon_Studio_Windows_64-9.1.0\Katalon_Studio_Windows_64-9.1.0\configuration\resources\lib\commons-collections4-4.1.jar;C:\Users\HP\.katalon\packages\Katalon_Studio_Windows_64-9.1.0\Katalon_Studio_Windows_64-9.1.0\configuration\resources\lib\commons-validator-1.6.jar;C:\Users\HP\.katalon\packages\Katalon_Studio_Windows_64-9.1.0\Katalon_Studio_Windows_64-9.1.0\configuration\resources\lib\curvesapi-1.04.jar;C:\Users\HP\.katalon\packages\Katalon_Studio_Windows_64-9.1.0\
java_class_path (initial): C:\Folder Tag Samurai\bin\keyword;C:\Folder Tag Samurai\bin\listener;C:\Folder Tag Samurai\bin\lib;C:\Folder Tag Samurai\bin\groovy;C:\Folder Tag Samurai\bin;C:\Users\HP\.katalon\packages\Katalon_Studio_Windows_64-9.1.0\Katalon_Studio_Windows_64-9.1.0\plugins\com.kms.katalon.core_1.0.0.202312010623.jar;C:\Users\HP\.katalon\packages\Katalon_Studio_Windows_64-9.1.0\Katalon_Studio_Windows_64-9.1.0\configuration\resources\lib\aalto-xml-1.0.0.jar;C:\Users\HP\.katalon\packages\Katalon_Studio_Windows_64-9.1.0\Katalon_Studio_Windows_64-9.1.0\configuration\resources\lib\aspectjweaver-1.9.1.jar;C:\Users\HP\.katalon\packages\Katalon_Studio_Windows_64-9.1.0\Katalon_Studio_Windows_64-9.1.0\configuration\resources\lib\bcpkix-jdk15on-1.64.jar;C:\Users\HP\.katalon\packages\Katalon_Studio_Windows_64-9.1.0\Katalon_Studio_Windows_64-9.1.0\configuration\resources\lib\bcprov-jdk15on-1.64.jar;C:\Users\HP\.katalon\packages\Katalon_Studio_Windows_64-9.1.0\Katalon_Studio_Windows_64-9.1.0\configuration\resources\lib\browsermob-core-2.1.5.jar;C:\Users\HP\.katalon\packages\Katalon_Studio_Windows_64-9.1.0\Katalon_Studio_Windows_64-9.1.0\configuration\resources\lib\cglib-3.2.10.jar;C:\Users\HP\.katalon\packages\Katalon_Studio_Windows_64-9.1.0\Katalon_Studio_Windows_64-9.1.0\configuration\resources\lib\commons-codec-1.10.jar;C:\Users\HP\.katalon\packages\Katalon_Studio_Windows_64-9.1.0\Katalon_Studio_Windows_64-9.1.0\configuration\resources\lib\commons-collections4-4.1.jar;C:\Users\HP\.katalon\packages\Katalon_Studio_Windows_64-9.1.0\Katalon_Studio_Windows_64-9.1.0\configuration\resources\lib\commons-validator-1.6.jar;C:\Users\HP\.katalon\packages\Katalon_Studio_Windows_64-9.1.0\Katalon_Studio_Windows_64-9.1.0\configuration\resources\lib\curvesapi-1.04.jar;C:\Users\HP\.katalon\packages\Katalon_Studio_Windows_64-9.1.0\Katalon_Studio_Windows_64-9.1.0\configuration\resources\lib\dnsjava-2.1.8.jar;C:\Users\HP\.katalon\packages\Katalon_Studio_Windows_64-9.1.0\Katalon_Studi
Launcher Type: SUN_STANDARD

[Global flags]
     intx CICompilerCount                          = 4                                         {product} {ergonomic}
     uint ConcGCThreads                            = 3                                         {product} {ergonomic}
     uint G1ConcRefinementThreads                  = 10                                        {product} {ergonomic}
   size_t G1HeapRegionSize                         = 1048576                                   {product} {ergonomic}
    uintx GCDrainStackTargetSize                   = 64                                        {product} {ergonomic}
   size_t InitialHeapSize                          = 257949696                                 {product} {ergonomic}
   size_t MarkStackSize                            = 4194304                                   {product} {ergonomic}
   size_t MaxHeapSize                              = 2147483648                                {product} {command line}
   size_t MaxNewSize                               = 1287651328                                {product} {ergonomic}
   size_t MinHeapDeltaBytes                        = 1048576                                   {product} {ergonomic}
   size_t MinHeapSize                              = 8388608                                   {product} {ergonomic}
    uintx NonNMethodCodeHeapSize                   = 5839372                                {pd product} {ergonomic}
    uintx NonProfiledCodeHeapSize                  = 122909434                              {pd product} {ergonomic}
    uintx ProfiledCodeHeapSize                     = 122909434                              {pd product} {ergonomic}
    uintx ReservedCodeCacheSize                    = 251658240                              {pd product} {ergonomic}
     bool SegmentedCodeCache                       = true                                      {product} {ergonomic}
     bool ShowCodeDetailsInExceptionMessages       = true                                   {manageable} {command line}
   size_t SoftMaxHeapSize                          = 2147483648                             {manageable} {ergonomic}
     bool UseCompressedClassPointers               = true                           {product lp64_product} {ergonomic}
     bool UseCompressedOops                        = true                           {product lp64_product} {ergonomic}
     bool UseG1GC                                  = true                                      {product} {ergonomic}
     bool UseLargePagesIndividualAllocation        = false                                  {pd product} {ergonomic}

Logging:
Log output configuration:
 #0: stdout all=warning uptime,level,tags
 #1: stderr all=off uptime,level,tags

Environment Variables:
JAVA_HOME=C:\Program Files\Java\jdk-11
PATH=C:/Users/HP/.katalon/packages/Katalon_Studio_Windows_64-9.1.0/Katalon_Studio_Windows_64-9.1.0/jre/bin/server;C:/Users/HP/.katalon/packages/Katalon_Studio_Windows_64-9.1.0/Katalon_Studio_Windows_64-9.1.0/jre/bin;C:\Program Files\Common Files\Oracle\Java\javapath;C:\Windows\system32;C:\Windows;C:\Windows\System32\Wbem;C:\Windows\System32\WindowsPowerShell\v1.0\;C:\Windows\System32\OpenSSH\;C:\Program Files\nodejs\;C:\Program Files\Git\cmd;C:\Program Files\dotnet\;C:\Program Files\Dev_Program\apache-maven-3.9.6\bin;C:\Program Files\Java\jdk-11\bin;C:\chrome-win32;C:\Users\HP\AppData\Local\Microsoft\WindowsApps;C:\Users\HP\AppData\Local\Programs\Microsoft VS Code\bin;C:\Users\HP\AppData\Roaming\npm;C:\Users\HP\.dotnet\tools;C:\Users\HP\AppData\Local\GitHubDesktop\bin;C:\Users\HP\.katalon\packages\Katalon_Studio_Windows_64-9.1.0\Katalon_Studio_Windows_64-9.1.0;
USERNAME=HP
OS=Windows_NT
PROCESSOR_IDENTIFIER=AMD64 Family 23 Model 104 Stepping 1, AuthenticAMD
TMP=C:\Users\HP\AppData\Local\Temp
TEMP=C:\Users\HP\AppData\Local\Temp



---------------  S Y S T E M  ---------------

OS:
 Windows 11 , 64 bit Build 22621 (10.0.22621.3958)
OS uptime: 3 days 21:35 hours
Hyper-V role detected

CPU: total 12 (initial active 12) (12 cores per cpu, 2 threads per core) family 23 model 104 stepping 1 microcode 0x0, cx8, cmov, fxsr, ht, mmx, 3dnowpref, sse, sse2, sse3, ssse3, sse4a, sse4.1, sse4.2, popcnt, lzcnt, tsc, tscinvbit, avx, avx2, aes, clmul, bmi1, bmi2, adx, sha, fma, vzeroupper, clflush, clflushopt, hv

Memory: 4k page, system-wide physical 15694M (4976M free)
TotalPageFile size 17947M (AvailPageFile size 5M)
current process WorkingSet (physical memory assigned to process): 261M, peak: 273M
current process commit charge ("private bytes"): 297M, peak: 403M

vm_info: OpenJDK 64-Bit Server VM (17.0.7+7) for windows-amd64 JRE (17.0.7+7), built on Apr 18 2023 22:10:42 by "temurin" with MS VC++ 16.7 (VS2019)

END.
